SIMLOG:: Cycle           6 PC: 00000000 I: 00000412 R: 1   4 00000000 M: 0 1 00000000 00000000
SIMLOG:: Cycle           7 PC: 00000002 I: 00007123 R: 1   1 00000000 M: 0 1 00000000 00000000
SIMLOG:: Cycle           8 PC: 00000004 I: 00001501 R: 1   5 00000000 M: 0 1 00000000 00000000
SIMLOG:: Cycle           9 PC: 00000006 I: 00002653 R: 1   6 00000000 M: 0 1 00000000 00000000
SIMLOG:: Cycle          10 PC: 00000008 I: 00003789 R: 1   7 00000000 M: 0 1 00000000 00000000
SIMLOG:: Cycle          11 PC: 0000000a I: 0000b124 R: 1   1 00002400 M: 0 1 00002400 00000000
SIMLOG:: Cycle          12 PC: 0000000c I: 0000a258 R: 1   2 00000058 M: 0 1 00000058 00000000
SIMLOG:: Cycle          13 PC: 0000000e I: 00004552 R: 1   5 00000000 M: 0 1 00000000 00000058
SIMLOG:: Cycle          14 PC: 00000010 I: 00005675 R: 1   6 00000000 M: 0 1 00000000 00000000
SIMLOG:: Cycle          15 PC: 00000012 I: 0000668a R: 1   6 00000000 M: 0 1 00000000 00000000
SIMLOG:: Cycle          16 PC: 00000014 I: 00008a00 R: 1  10 00000412 M: 0 1 00000000 00000000
SIMLOG:: Cycle          17 PC: 00000016 I: 00009a00 R: 0  10 00000000 M: 1 0 00000000 00000412
SIMLOG:: Cycle          18 PC: 00000018 I: 0000c3fd R: 0   3 0000ffff M: 0 1 0000ffff 00000000
SIMLOG:: Cycle          19 PC: 00000014 I: 00008a00 R: 1  10 00000412 M: 0 1 00000000 00000000
SIMLOG:: Cycle          20 PC: 00000016 I: 00009a00 R: 0  10 00000000 M: 1 0 00000000 00000412
SIMLOG:: Cycle          21 PC: 00000018 I: 0000c3fd R: 0   3 0000ffff M: 0 1 0000ffff 00000000
SIMLOG:: Cycle          22 PC: 00000014 I: 00008a00 R: 1  10 00000412 M: 0 1 00000000 00000000
SIMLOG:: Cycle          23 PC: 00000016 I: 00009a00 R: 0  10 00000000 M: 1 0 00000000 00000412
SIMLOG:: Cycle          24 PC: 00000018 I: 0000c3fd R: 0   3 0000ffff M: 0 1 0000ffff 00000000
SIMLOG:: Cycle          25 PC: 00000014 I: 00008a00 R: 1  10 00000412 M: 0 1 00000000 00000000
SIMLOG:: Cycle          26 PC: 00000016 I: 00009a00 R: 0  10 00000000 M: 1 0 00000000 00000412
SIMLOG:: Cycle          27 PC: 00000018 I: 0000c3fd R: 0   3 0000ffff M: 0 1 0000ffff 00000000
SIMLOG:: Cycle          28 PC: 00000014 I: 00008a00 R: 1  10 00000412 M: 0 1 00000000 00000000
SIMLOG:: Cycle          29 PC: 00000016 I: 00009a00 R: 0  10 00000000 M: 1 0 00000000 00000412
SIMLOG:: Cycle          30 PC: 00000018 I: 0000c3fd R: 0   3 0000ffff M: 0 1 0000ffff 00000000
SIMLOG:: Cycle          31 PC: 00000014 I: 00008a00 R: 1  10 00000412 M: 0 1 00000000 00000000
SIMLOG:: Cycle          32 PC: 00000016 I: 00009a00 R: 0  10 00000000 M: 1 0 00000000 00000412
SIMLOG:: Cycle          33 PC: 00000018 I: 0000c3fd R: 0   3 0000ffff M: 0 1 0000ffff 00000000
SIMLOG:: Cycle          34 PC: 00000014 I: 00008a00 R: 1  10 00000412 M: 0 1 00000000 00000000
SIMLOG:: Cycle          35 PC: 00000016 I: 00009a00 R: 0  10 00000000 M: 1 0 00000000 00000412
SIMLOG:: Cycle          36 PC: 00000018 I: 0000c3fd R: 0   3 0000ffff M: 0 1 0000ffff 00000000
SIMLOG:: Cycle          37 PC: 00000014 I: 00008a00 R: 1  10 00000412 M: 0 1 00000000 00000000
SIMLOG:: Cycle          38 PC: 00000016 I: 00009a00 R: 0  10 00000000 M: 1 0 00000000 00000412
SIMLOG:: Cycle          39 PC: 00000018 I: 0000c3fd R: 0   3 0000ffff M: 0 1 0000ffff 00000000
SIMLOG:: Cycle          40 PC: 00000014 I: 00008a00 R: 1  10 00000412 M: 0 1 00000000 00000000
SIMLOG:: Cycle          41 PC: 00000016 I: 00009a00 R: 0  10 00000000 M: 1 0 00000000 00000412
SIMLOG:: Cycle          42 PC: 00000018 I: 0000c3fd R: 0   3 0000ffff M: 0 1 0000ffff 00000000
SIMLOG:: Cycle          43 PC: 00000014 I: 00008a00 R: 1  10 00000412 M: 0 1 00000000 00000000
SIMLOG:: Cycle          44 PC: 00000016 I: 00009a00 R: 0  10 00000000 M: 1 0 00000000 00000412
SIMLOG:: Cycle          45 PC: 00000018 I: 0000c3fd R: 0   3 0000ffff M: 0 1 0000ffff 00000000
SIMLOG:: Cycle          46 PC: 00000014 I: 00008a00 R: 1  10 00000412 M: 0 1 00000000 00000000
SIMLOG:: Cycle          47 PC: 00000016 I: 00009a00 R: 0  10 00000000 M: 1 0 00000000 00000412
SIMLOG:: Cycle          48 PC: 00000018 I: 0000c3fd R: 0   3 0000ffff M: 0 1 0000ffff 00000000
SIMLOG:: Cycle          49 PC: 00000014 I: 00008a00 R: 1  10 00000412 M: 0 1 00000000 00000000
SIMLOG:: Cycle          50 PC: 00000016 I: 00009a00 R: 0  10 00000000 M: 1 0 00000000 00000412
SIMLOG:: Cycle          51 PC: 00000018 I: 0000c3fd R: 0   3 0000ffff M: 0 1 0000ffff 00000000
SIMLOG:: Cycle          52 PC: 00000014 I: 00008a00 R: 1  10 00000412 M: 0 1 00000000 00000000
SIMLOG:: Cycle          53 PC: 00000016 I: 00009a00 R: 0  10 00000000 M: 1 0 00000000 00000412
SIMLOG:: Cycle          54 PC: 00000018 I: 0000c3fd R: 0   3 0000ffff M: 0 1 0000ffff 00000000
SIMLOG:: Cycle          55 PC: 00000014 I: 00008a00 R: 1  10 00000412 M: 0 1 00000000 00000000
SIMLOG:: Cycle          56 PC: 00000016 I: 00009a00 R: 0  10 00000000 M: 1 0 00000000 00000412
SIMLOG:: Cycle          57 PC: 00000018 I: 0000c3fd R: 0   3 0000ffff M: 0 1 0000ffff 00000000
SIMLOG:: Cycle          58 PC: 00000014 I: 00008a00 R: 1  10 00000412 M: 0 1 00000000 00000000
SIMLOG:: Cycle          59 PC: 00000016 I: 00009a00 R: 0  10 00000000 M: 1 0 00000000 00000412
SIMLOG:: Cycle          60 PC: 00000018 I: 0000c3fd R: 0   3 0000ffff M: 0 1 0000ffff 00000000
SIMLOG:: Cycle          61 PC: 00000014 I: 00008a00 R: 1  10 00000412 M: 0 1 00000000 00000000
SIMLOG:: Cycle          62 PC: 00000016 I: 00009a00 R: 0  10 00000000 M: 1 0 00000000 00000412
SIMLOG:: Cycle          63 PC: 00000018 I: 0000c3fd R: 0   3 0000ffff M: 0 1 0000ffff 00000000
SIMLOG:: Cycle          64 PC: 00000014 I: 00008a00 R: 1  10 00000412 M: 0 1 00000000 00000000
SIMLOG:: Cycle          65 PC: 00000016 I: 00009a00 R: 0  10 00000000 M: 1 0 00000000 00000412
SIMLOG:: Cycle          66 PC: 00000018 I: 0000c3fd R: 0   3 0000ffff M: 0 1 0000ffff 00000000
SIMLOG:: Cycle          67 PC: 00000014 I: 00008a00 R: 1  10 00000412 M: 0 1 00000000 00000000
SIMLOG:: Cycle          68 PC: 00000016 I: 00009a00 R: 0  10 00000000 M: 1 0 00000000 00000412
SIMLOG:: Cycle          69 PC: 00000018 I: 0000c3fd R: 0   3 0000ffff M: 0 1 0000ffff 00000000
SIMLOG:: Cycle          70 PC: 00000014 I: 00008a00 R: 1  10 00000412 M: 0 1 00000000 00000000
SIMLOG:: Cycle          71 PC: 00000016 I: 00009a00 R: 0  10 00000000 M: 1 0 00000000 00000412
SIMLOG:: Cycle          72 PC: 00000018 I: 0000c3fd R: 0   3 0000ffff M: 0 1 0000ffff 00000000
SIMLOG:: Cycle          73 PC: 00000014 I: 00008a00 R: 1  10 00000412 M: 0 1 00000000 00000000
SIMLOG:: Cycle          74 PC: 00000016 I: 00009a00 R: 0  10 00000000 M: 1 0 00000000 00000412
SIMLOG:: Cycle          75 PC: 00000018 I: 0000c3fd R: 0   3 0000ffff M: 0 1 0000ffff 00000000
SIMLOG:: Cycle          76 PC: 00000014 I: 00008a00 R: 1  10 00000412 M: 0 1 00000000 00000000
SIMLOG:: Cycle          77 PC: 00000016 I: 00009a00 R: 0  10 00000000 M: 1 0 00000000 00000412
SIMLOG:: Cycle          78 PC: 00000018 I: 0000c3fd R: 0   3 0000ffff M: 0 1 0000ffff 00000000
SIMLOG:: Cycle          79 PC: 00000014 I: 00008a00 R: 1  10 00000412 M: 0 1 00000000 00000000
SIMLOG:: Cycle          80 PC: 00000016 I: 00009a00 R: 0  10 00000000 M: 1 0 00000000 00000412
SIMLOG:: Cycle          81 PC: 00000018 I: 0000c3fd R: 0   3 0000ffff M: 0 1 0000ffff 00000000
SIMLOG:: Cycle          82 PC: 00000014 I: 00008a00 R: 1  10 00000412 M: 0 1 00000000 00000000
SIMLOG:: Cycle          83 PC: 00000016 I: 00009a00 R: 0  10 00000000 M: 1 0 00000000 00000412
SIMLOG:: Cycle          84 PC: 00000018 I: 0000c3fd R: 0   3 0000ffff M: 0 1 0000ffff 00000000
SIMLOG:: Cycle          85 PC: 00000014 I: 00008a00 R: 1  10 00000412 M: 0 1 00000000 00000000
SIMLOG:: Cycle          86 PC: 00000016 I: 00009a00 R: 0  10 00000000 M: 1 0 00000000 00000412
SIMLOG:: Cycle          87 PC: 00000018 I: 0000c3fd R: 0   3 0000ffff M: 0 1 0000ffff 00000000
SIMLOG:: Cycle          88 PC: 00000014 I: 00008a00 R: 1  10 00000412 M: 0 1 00000000 00000000
SIMLOG:: Cycle          89 PC: 00000016 I: 00009a00 R: 0  10 00000000 M: 1 0 00000000 00000412
SIMLOG:: Cycle          90 PC: 00000018 I: 0000c3fd R: 0   3 0000ffff M: 0 1 0000ffff 00000000
SIMLOG:: Cycle          91 PC: 00000014 I: 00008a00 R: 1  10 00000412 M: 0 1 00000000 00000000
SIMLOG:: Cycle          92 PC: 00000016 I: 00009a00 R: 0  10 00000000 M: 1 0 00000000 00000412
SIMLOG:: Cycle          93 PC: 00000018 I: 0000c3fd R: 0   3 0000ffff M: 0 1 0000ffff 00000000
SIMLOG:: Cycle          94 PC: 00000014 I: 00008a00 R: 1  10 00000412 M: 0 1 00000000 00000000
SIMLOG:: Cycle          95 PC: 00000016 I: 00009a00 R: 0  10 00000000 M: 1 0 00000000 00000412
SIMLOG:: Cycle          96 PC: 00000018 I: 0000c3fd R: 0   3 0000ffff M: 0 1 0000ffff 00000000
SIMLOG:: Cycle          97 PC: 00000014 I: 00008a00 R: 1  10 00000412 M: 0 1 00000000 00000000
SIMLOG:: Cycle          98 PC: 00000016 I: 00009a00 R: 0  10 00000000 M: 1 0 00000000 00000412
SIMLOG:: Cycle          99 PC: 00000018 I: 0000c3fd R: 0   3 0000ffff M: 0 1 0000ffff 00000000
SIMLOG:: Cycle         100 PC: 00000014 I: 00008a00 R: 1  10 00000412 M: 0 1 00000000 00000000
SIMLOG:: Cycle         101 PC: 00000016 I: 00009a00 R: 0  10 00000000 M: 1 0 00000000 00000412
SIMLOG:: Cycle         102 PC: 00000018 I: 0000c3fd R: 0   3 0000ffff M: 0 1 0000ffff 00000000
SIMLOG:: Cycle         103 PC: 00000014 I: 00008a00 R: 1  10 00000412 M: 0 1 00000000 00000000
SIMLOG:: Cycle         104 PC: 00000016 I: 00009a00 R: 0  10 00000000 M: 1 0 00000000 00000412
SIMLOG:: Cycle         105 PC: 00000018 I: 0000c3fd R: 0   3 0000ffff M: 0 1 0000ffff 00000000
SIMLOG:: Cycle         106 PC: 00000014 I: 00008a00 R: 1  10 00000412 M: 0 1 00000000 00000000
SIMLOG:: Cycle         107 PC: 00000016 I: 00009a00 R: 0  10 00000000 M: 1 0 00000000 00000412
SIMLOG:: Cycle         108 PC: 00000018 I: 0000c3fd R: 0   3 0000ffff M: 0 1 0000ffff 00000000
SIMLOG:: Cycle         109 PC: 00000014 I: 00008a00 R: 1  10 00000412 M: 0 1 00000000 00000000
SIMLOG:: Cycle         110 PC: 00000016 I: 00009a00 R: 0  10 00000000 M: 1 0 00000000 00000412
SIMLOG:: Cycle         111 PC: 00000018 I: 0000c3fd R: 0   3 0000ffff M: 0 1 0000ffff 00000000
SIMLOG:: Cycle         112 PC: 00000014 I: 00008a00 R: 1  10 00000412 M: 0 1 00000000 00000000
SIMLOG:: Cycle         113 PC: 00000016 I: 00009a00 R: 0  10 00000000 M: 1 0 00000000 00000412
SIMLOG:: Cycle         114 PC: 00000018 I: 0000c3fd R: 0   3 0000ffff M: 0 1 0000ffff 00000000
SIMLOG:: Cycle         115 PC: 00000014 I: 00008a00 R: 1  10 00000412 M: 0 1 00000000 00000000
SIMLOG:: Cycle         116 PC: 00000016 I: 00009a00 R: 0  10 00000000 M: 1 0 00000000 00000412
SIMLOG:: Cycle         117 PC: 00000018 I: 0000c3fd R: 0   3 0000ffff M: 0 1 0000ffff 00000000
SIMLOG:: Cycle         118 PC: 00000014 I: 00008a00 R: 1  10 00000412 M: 0 1 00000000 00000000
SIMLOG:: Cycle         119 PC: 00000016 I: 00009a00 R: 0  10 00000000 M: 1 0 00000000 00000412
SIMLOG:: Cycle         120 PC: 00000018 I: 0000c3fd R: 0   3 0000ffff M: 0 1 0000ffff 00000000
SIMLOG:: Cycle         121 PC: 00000014 I: 00008a00 R: 1  10 00000412 M: 0 1 00000000 00000000
SIMLOG:: Cycle         122 PC: 00000016 I: 00009a00 R: 0  10 00000000 M: 1 0 00000000 00000412
SIMLOG:: Cycle         123 PC: 00000018 I: 0000c3fd R: 0   3 0000ffff M: 0 1 0000ffff 00000000
SIMLOG:: Cycle         124 PC: 00000014 I: 00008a00 R: 1  10 00000412 M: 0 1 00000000 00000000
SIMLOG:: Cycle         125 PC: 00000016 I: 00009a00 R: 0  10 00000000 M: 1 0 00000000 00000412
SIMLOG:: Cycle         126 PC: 00000018 I: 0000c3fd R: 0   3 0000ffff M: 0 1 0000ffff 00000000
SIMLOG:: Cycle         127 PC: 00000014 I: 00008a00 R: 1  10 00000412 M: 0 1 00000000 00000000
SIMLOG:: Cycle         128 PC: 00000016 I: 00009a00 R: 0  10 00000000 M: 1 0 00000000 00000412
SIMLOG:: Cycle         129 PC: 00000018 I: 0000c3fd R: 0   3 0000ffff M: 0 1 0000ffff 00000000
SIMLOG:: Cycle         130 PC: 00000014 I: 00008a00 R: 1  10 00000412 M: 0 1 00000000 00000000
SIMLOG:: Cycle         131 PC: 00000016 I: 00009a00 R: 0  10 00000000 M: 1 0 00000000 00000412
SIMLOG:: Cycle         132 PC: 00000018 I: 0000c3fd R: 0   3 0000ffff M: 0 1 0000ffff 00000000
SIMLOG:: Cycle         133 PC: 00000014 I: 00008a00 R: 1  10 00000412 M: 0 1 00000000 00000000
SIMLOG:: Cycle         134 PC: 00000016 I: 00009a00 R: 0  10 00000000 M: 1 0 00000000 00000412
SIMLOG:: Cycle         135 PC: 00000018 I: 0000c3fd R: 0   3 0000ffff M: 0 1 0000ffff 00000000
SIMLOG:: Cycle         136 PC: 00000014 I: 00008a00 R: 1  10 00000412 M: 0 1 00000000 00000000
SIMLOG:: Cycle         137 PC: 00000016 I: 00009a00 R: 0  10 00000000 M: 1 0 00000000 00000412
SIMLOG:: Cycle         138 PC: 00000018 I: 0000c3fd R: 0   3 0000ffff M: 0 1 0000ffff 00000000
SIMLOG:: Cycle         139 PC: 00000014 I: 00008a00 R: 1  10 00000412 M: 0 1 00000000 00000000
SIMLOG:: Cycle         140 PC: 00000016 I: 00009a00 R: 0  10 00000000 M: 1 0 00000000 00000412
SIMLOG:: Cycle         141 PC: 00000018 I: 0000c3fd R: 0   3 0000ffff M: 0 1 0000ffff 00000000
SIMLOG:: Cycle         142 PC: 00000014 I: 00008a00 R: 1  10 00000412 M: 0 1 00000000 00000000
SIMLOG:: Cycle         143 PC: 00000016 I: 00009a00 R: 0  10 00000000 M: 1 0 00000000 00000412
SIMLOG:: Cycle         144 PC: 00000018 I: 0000c3fd R: 0   3 0000ffff M: 0 1 0000ffff 00000000
SIMLOG:: Cycle         145 PC: 00000014 I: 00008a00 R: 1  10 00000412 M: 0 1 00000000 00000000
SIMLOG:: Cycle         146 PC: 00000016 I: 00009a00 R: 0  10 00000000 M: 1 0 00000000 00000412
SIMLOG:: Cycle         147 PC: 00000018 I: 0000c3fd R: 0   3 0000ffff M: 0 1 0000ffff 00000000
SIMLOG:: Cycle         148 PC: 00000014 I: 00008a00 R: 1  10 00000412 M: 0 1 00000000 00000000
SIMLOG:: Cycle         149 PC: 00000016 I: 00009a00 R: 0  10 00000000 M: 1 0 00000000 00000412
SIMLOG:: Cycle         150 PC: 00000018 I: 0000c3fd R: 0   3 0000ffff M: 0 1 0000ffff 00000000
SIMLOG:: Cycle         151 PC: 00000014 I: 00008a00 R: 1  10 00000412 M: 0 1 00000000 00000000
SIMLOG:: Cycle         152 PC: 00000016 I: 00009a00 R: 0  10 00000000 M: 1 0 00000000 00000412
SIMLOG:: Cycle         153 PC: 00000018 I: 0000c3fd R: 0   3 0000ffff M: 0 1 0000ffff 00000000
SIMLOG:: Cycle         154 PC: 00000014 I: 00008a00 R: 1  10 00000412 M: 0 1 00000000 00000000
SIMLOG:: Cycle         155 PC: 00000016 I: 00009a00 R: 0  10 00000000 M: 1 0 00000000 00000412
SIMLOG:: Cycle         156 PC: 00000018 I: 0000c3fd R: 0   3 0000ffff M: 0 1 0000ffff 00000000
SIMLOG:: Cycle         157 PC: 00000014 I: 00008a00 R: 1  10 00000412 M: 0 1 00000000 00000000
SIMLOG:: Cycle         158 PC: 00000016 I: 00009a00 R: 0  10 00000000 M: 1 0 00000000 00000412
SIMLOG:: Cycle         159 PC: 00000018 I: 0000c3fd R: 0   3 0000ffff M: 0 1 0000ffff 00000000
SIMLOG:: Cycle         160 PC: 00000014 I: 00008a00 R: 1  10 00000412 M: 0 1 00000000 00000000
SIMLOG:: Cycle         161 PC: 00000016 I: 00009a00 R: 0  10 00000000 M: 1 0 00000000 00000412
SIMLOG:: Cycle         162 PC: 00000018 I: 0000c3fd R: 0   3 0000ffff M: 0 1 0000ffff 00000000
SIMLOG:: Cycle         163 PC: 00000014 I: 00008a00 R: 1  10 00000412 M: 0 1 00000000 00000000
SIMLOG:: Cycle         164 PC: 00000016 I: 00009a00 R: 0  10 00000000 M: 1 0 00000000 00000412
SIMLOG:: Cycle         165 PC: 00000018 I: 0000c3fd R: 0   3 0000ffff M: 0 1 0000ffff 00000000
SIMLOG:: Cycle         166 PC: 00000014 I: 00008a00 R: 1  10 00000412 M: 0 1 00000000 00000000
SIMLOG:: Cycle         167 PC: 00000016 I: 00009a00 R: 0  10 00000000 M: 1 0 00000000 00000412
SIMLOG:: Cycle         168 PC: 00000018 I: 0000c3fd R: 0   3 0000ffff M: 0 1 0000ffff 00000000
SIMLOG:: Cycle         169 PC: 00000014 I: 00008a00 R: 1  10 00000412 M: 0 1 00000000 00000000
SIMLOG:: Cycle         170 PC: 00000016 I: 00009a00 R: 0  10 00000000 M: 1 0 00000000 00000412
SIMLOG:: Cycle         171 PC: 00000018 I: 0000c3fd R: 0   3 0000ffff M: 0 1 0000ffff 00000000
SIMLOG:: Cycle         172 PC: 00000014 I: 00008a00 R: 1  10 00000412 M: 0 1 00000000 00000000
SIMLOG:: Cycle         173 PC: 00000016 I: 00009a00 R: 0  10 00000000 M: 1 0 00000000 00000412
SIMLOG:: Cycle         174 PC: 00000018 I: 0000c3fd R: 0   3 0000ffff M: 0 1 0000ffff 00000000
SIMLOG:: Cycle         175 PC: 00000014 I: 00008a00 R: 1  10 00000412 M: 0 1 00000000 00000000
SIMLOG:: Cycle         176 PC: 00000016 I: 00009a00 R: 0  10 00000000 M: 1 0 00000000 00000412
SIMLOG:: Cycle         177 PC: 00000018 I: 0000c3fd R: 0   3 0000ffff M: 0 1 0000ffff 00000000
SIMLOG:: Cycle         178 PC: 00000014 I: 00008a00 R: 1  10 00000412 M: 0 1 00000000 00000000
SIMLOG:: Cycle         179 PC: 00000016 I: 00009a00 R: 0  10 00000000 M: 1 0 00000000 00000412
SIMLOG:: Cycle         180 PC: 00000018 I: 0000c3fd R: 0   3 0000ffff M: 0 1 0000ffff 00000000
SIMLOG:: Cycle         181 PC: 00000014 I: 00008a00 R: 1  10 00000412 M: 0 1 00000000 00000000
SIMLOG:: Cycle         182 PC: 00000016 I: 00009a00 R: 0  10 00000000 M: 1 0 00000000 00000412
SIMLOG:: Cycle         183 PC: 00000018 I: 0000c3fd R: 0   3 0000ffff M: 0 1 0000ffff 00000000
SIMLOG:: Cycle         184 PC: 00000014 I: 00008a00 R: 1  10 00000412 M: 0 1 00000000 00000000
SIMLOG:: Cycle         185 PC: 00000016 I: 00009a00 R: 0  10 00000000 M: 1 0 00000000 00000412
SIMLOG:: Cycle         186 PC: 00000018 I: 0000c3fd R: 0   3 0000ffff M: 0 1 0000ffff 00000000
SIMLOG:: Cycle         187 PC: 00000014 I: 00008a00 R: 1  10 00000412 M: 0 1 00000000 00000000
SIMLOG:: Cycle         188 PC: 00000016 I: 00009a00 R: 0  10 00000000 M: 1 0 00000000 00000412
SIMLOG:: Cycle         189 PC: 00000018 I: 0000c3fd R: 0   3 0000ffff M: 0 1 0000ffff 00000000
SIMLOG:: Cycle         190 PC: 00000014 I: 00008a00 R: 1  10 00000412 M: 0 1 00000000 00000000
SIMLOG:: Cycle         191 PC: 00000016 I: 00009a00 R: 0  10 00000000 M: 1 0 00000000 00000412
SIMLOG:: Cycle         192 PC: 00000018 I: 0000c3fd R: 0   3 0000ffff M: 0 1 0000ffff 00000000
SIMLOG:: Cycle         193 PC: 00000014 I: 00008a00 R: 1  10 00000412 M: 0 1 00000000 00000000
SIMLOG:: Cycle         194 PC: 00000016 I: 00009a00 R: 0  10 00000000 M: 1 0 00000000 00000412
SIMLOG:: Cycle         195 PC: 00000018 I: 0000c3fd R: 0   3 0000ffff M: 0 1 0000ffff 00000000
SIMLOG:: Cycle         196 PC: 00000014 I: 00008a00 R: 1  10 00000412 M: 0 1 00000000 00000000
SIMLOG:: Cycle         197 PC: 00000016 I: 00009a00 R: 0  10 00000000 M: 1 0 00000000 00000412
SIMLOG:: Cycle         198 PC: 00000018 I: 0000c3fd R: 0   3 0000ffff M: 0 1 0000ffff 00000000
SIMLOG:: Cycle         199 PC: 00000014 I: 00008a00 R: 1  10 00000412 M: 0 1 00000000 00000000
SIMLOG:: Cycle         200 PC: 00000016 I: 00009a00 R: 0  10 00000000 M: 1 0 00000000 00000412
SIMLOG:: Cycle         201 PC: 00000018 I: 0000c3fd R: 0   3 0000ffff M: 0 1 0000ffff 00000000
SIMLOG:: Cycle         202 PC: 00000014 I: 00008a00 R: 1  10 00000412 M: 0 1 00000000 00000000
SIMLOG:: Cycle         203 PC: 00000016 I: 00009a00 R: 0  10 00000000 M: 1 0 00000000 00000412
SIMLOG:: Cycle         204 PC: 00000018 I: 0000c3fd R: 0   3 0000ffff M: 0 1 0000ffff 00000000
SIMLOG:: Cycle         205 PC: 00000014 I: 00008a00 R: 1  10 00000412 M: 0 1 00000000 00000000
SIMLOG:: Cycle         206 PC: 00000016 I: 00009a00 R: 0  10 00000000 M: 1 0 00000000 00000412
SIMLOG:: Cycle         207 PC: 00000018 I: 0000c3fd R: 0   3 0000ffff M: 0 1 0000ffff 00000000
SIMLOG:: Cycle         208 PC: 00000014 I: 00008a00 R: 1  10 00000412 M: 0 1 00000000 00000000
SIMLOG:: Cycle         209 PC: 00000016 I: 00009a00 R: 0  10 00000000 M: 1 0 00000000 00000412
SIMLOG:: Cycle         210 PC: 00000018 I: 0000c3fd R: 0   3 0000ffff M: 0 1 0000ffff 00000000
SIMLOG:: Cycle         211 PC: 00000014 I: 00008a00 R: 1  10 00000412 M: 0 1 00000000 00000000
SIMLOG:: Cycle         212 PC: 00000016 I: 00009a00 R: 0  10 00000000 M: 1 0 00000000 00000412
SIMLOG:: Cycle         213 PC: 00000018 I: 0000c3fd R: 0   3 0000ffff M: 0 1 0000ffff 00000000
SIMLOG:: Cycle         214 PC: 00000014 I: 00008a00 R: 1  10 00000412 M: 0 1 00000000 00000000
SIMLOG:: Cycle         215 PC: 00000016 I: 00009a00 R: 0  10 00000000 M: 1 0 00000000 00000412
SIMLOG:: Cycle         216 PC: 00000018 I: 0000c3fd R: 0   3 0000ffff M: 0 1 0000ffff 00000000
SIMLOG:: Cycle         217 PC: 00000014 I: 00008a00 R: 1  10 00000412 M: 0 1 00000000 00000000
SIMLOG:: Cycle         218 PC: 00000016 I: 00009a00 R: 0  10 00000000 M: 1 0 00000000 00000412
SIMLOG:: Cycle         219 PC: 00000018 I: 0000c3fd R: 0   3 0000ffff M: 0 1 0000ffff 00000000
SIMLOG:: Cycle         220 PC: 00000014 I: 00008a00 R: 1  10 00000412 M: 0 1 00000000 00000000
SIMLOG:: Cycle         221 PC: 00000016 I: 00009a00 R: 0  10 00000000 M: 1 0 00000000 00000412
SIMLOG:: Cycle         222 PC: 00000018 I: 0000c3fd R: 0   3 0000ffff M: 0 1 0000ffff 00000000
SIMLOG:: Cycle         223 PC: 00000014 I: 00008a00 R: 1  10 00000412 M: 0 1 00000000 00000000
SIMLOG:: Cycle         224 PC: 00000016 I: 00009a00 R: 0  10 00000000 M: 1 0 00000000 00000412
SIMLOG:: Cycle         225 PC: 00000018 I: 0000c3fd R: 0   3 0000ffff M: 0 1 0000ffff 00000000
SIMLOG:: Cycle         226 PC: 00000014 I: 00008a00 R: 1  10 00000412 M: 0 1 00000000 00000000
SIMLOG:: Cycle         227 PC: 00000016 I: 00009a00 R: 0  10 00000000 M: 1 0 00000000 00000412
SIMLOG:: Cycle         228 PC: 00000018 I: 0000c3fd R: 0   3 0000ffff M: 0 1 0000ffff 00000000
SIMLOG:: Cycle         229 PC: 00000014 I: 00008a00 R: 1  10 00000412 M: 0 1 00000000 00000000
SIMLOG:: Cycle         230 PC: 00000016 I: 00009a00 R: 0  10 00000000 M: 1 0 00000000 00000412
SIMLOG:: Cycle         231 PC: 00000018 I: 0000c3fd R: 0   3 0000ffff M: 0 1 0000ffff 00000000
SIMLOG:: Cycle         232 PC: 00000014 I: 00008a00 R: 1  10 00000412 M: 0 1 00000000 00000000
SIMLOG:: Cycle         233 PC: 00000016 I: 00009a00 R: 0  10 00000000 M: 1 0 00000000 00000412
SIMLOG:: Cycle         234 PC: 00000018 I: 0000c3fd R: 0   3 0000ffff M: 0 1 0000ffff 00000000
SIMLOG:: Cycle         235 PC: 00000014 I: 00008a00 R: 1  10 00000412 M: 0 1 00000000 00000000
SIMLOG:: Cycle         236 PC: 00000016 I: 00009a00 R: 0  10 00000000 M: 1 0 00000000 00000412
SIMLOG:: Cycle         237 PC: 00000018 I: 0000c3fd R: 0   3 0000ffff M: 0 1 0000ffff 00000000
SIMLOG:: Cycle         238 PC: 00000014 I: 00008a00 R: 1  10 00000412 M: 0 1 00000000 00000000
SIMLOG:: Cycle         239 PC: 00000016 I: 00009a00 R: 0  10 00000000 M: 1 0 00000000 00000412
SIMLOG:: Cycle         240 PC: 00000018 I: 0000c3fd R: 0   3 0000ffff M: 0 1 0000ffff 00000000
SIMLOG:: Cycle         241 PC: 00000014 I: 00008a00 R: 1  10 00000412 M: 0 1 00000000 00000000
SIMLOG:: Cycle         242 PC: 00000016 I: 00009a00 R: 0  10 00000000 M: 1 0 00000000 00000412
SIMLOG:: Cycle         243 PC: 00000018 I: 0000c3fd R: 0   3 0000ffff M: 0 1 0000ffff 00000000
SIMLOG:: Cycle         244 PC: 00000014 I: 00008a00 R: 1  10 00000412 M: 0 1 00000000 00000000
SIMLOG:: Cycle         245 PC: 00000016 I: 00009a00 R: 0  10 00000000 M: 1 0 00000000 00000412
SIMLOG:: Cycle         246 PC: 00000018 I: 0000c3fd R: 0   3 0000ffff M: 0 1 0000ffff 00000000
SIMLOG:: Cycle         247 PC: 00000014 I: 00008a00 R: 1  10 00000412 M: 0 1 00000000 00000000
SIMLOG:: Cycle         248 PC: 00000016 I: 00009a00 R: 0  10 00000000 M: 1 0 00000000 00000412
SIMLOG:: Cycle         249 PC: 00000018 I: 0000c3fd R: 0   3 0000ffff M: 0 1 0000ffff 00000000
SIMLOG:: Cycle         250 PC: 00000014 I: 00008a00 R: 1  10 00000412 M: 0 1 00000000 00000000
SIMLOG:: Cycle         251 PC: 00000016 I: 00009a00 R: 0  10 00000000 M: 1 0 00000000 00000412
SIMLOG:: Cycle         252 PC: 00000018 I: 0000c3fd R: 0   3 0000ffff M: 0 1 0000ffff 00000000
SIMLOG:: Cycle         253 PC: 00000014 I: 00008a00 R: 1  10 00000412 M: 0 1 00000000 00000000
SIMLOG:: Cycle         254 PC: 00000016 I: 00009a00 R: 0  10 00000000 M: 1 0 00000000 00000412
SIMLOG:: Cycle         255 PC: 00000018 I: 0000c3fd R: 0   3 0000ffff M: 0 1 0000ffff 00000000
SIMLOG:: Cycle         256 PC: 00000014 I: 00008a00 R: 1  10 00000412 M: 0 1 00000000 00000000
SIMLOG:: Cycle         257 PC: 00000016 I: 00009a00 R: 0  10 00000000 M: 1 0 00000000 00000412
SIMLOG:: Cycle         258 PC: 00000018 I: 0000c3fd R: 0   3 0000ffff M: 0 1 0000ffff 00000000
SIMLOG:: Cycle         259 PC: 00000014 I: 00008a00 R: 1  10 00000412 M: 0 1 00000000 00000000
SIMLOG:: Cycle         260 PC: 00000016 I: 00009a00 R: 0  10 00000000 M: 1 0 00000000 00000412
SIMLOG:: Cycle         261 PC: 00000018 I: 0000c3fd R: 0   3 0000ffff M: 0 1 0000ffff 00000000
SIMLOG:: Cycle         262 PC: 00000014 I: 00008a00 R: 1  10 00000412 M: 0 1 00000000 00000000
SIMLOG:: Cycle         263 PC: 00000016 I: 00009a00 R: 0  10 00000000 M: 1 0 00000000 00000412
SIMLOG:: Cycle         264 PC: 00000018 I: 0000c3fd R: 0   3 0000ffff M: 0 1 0000ffff 00000000
SIMLOG:: Cycle         265 PC: 00000014 I: 00008a00 R: 1  10 00000412 M: 0 1 00000000 00000000
SIMLOG:: Cycle         266 PC: 00000016 I: 00009a00 R: 0  10 00000000 M: 1 0 00000000 00000412
SIMLOG:: Cycle         267 PC: 00000018 I: 0000c3fd R: 0   3 0000ffff M: 0 1 0000ffff 00000000
SIMLOG:: Cycle         268 PC: 00000014 I: 00008a00 R: 1  10 00000412 M: 0 1 00000000 00000000
SIMLOG:: Cycle         269 PC: 00000016 I: 00009a00 R: 0  10 00000000 M: 1 0 00000000 00000412
SIMLOG:: Cycle         270 PC: 00000018 I: 0000c3fd R: 0   3 0000ffff M: 0 1 0000ffff 00000000
SIMLOG:: Cycle         271 PC: 00000014 I: 00008a00 R: 1  10 00000412 M: 0 1 00000000 00000000
SIMLOG:: Cycle         272 PC: 00000016 I: 00009a00 R: 0  10 00000000 M: 1 0 00000000 00000412
SIMLOG:: Cycle         273 PC: 00000018 I: 0000c3fd R: 0   3 0000ffff M: 0 1 0000ffff 00000000
SIMLOG:: Cycle         274 PC: 00000014 I: 00008a00 R: 1  10 00000412 M: 0 1 00000000 00000000
SIMLOG:: Cycle         275 PC: 00000016 I: 00009a00 R: 0  10 00000000 M: 1 0 00000000 00000412
SIMLOG:: Cycle         276 PC: 00000018 I: 0000c3fd R: 0   3 0000ffff M: 0 1 0000ffff 00000000
SIMLOG:: Cycle         277 PC: 00000014 I: 00008a00 R: 1  10 00000412 M: 0 1 00000000 00000000
SIMLOG:: Cycle         278 PC: 00000016 I: 00009a00 R: 0  10 00000000 M: 1 0 00000000 00000412
SIMLOG:: Cycle         279 PC: 00000018 I: 0000c3fd R: 0   3 0000ffff M: 0 1 0000ffff 00000000
SIMLOG:: Cycle         280 PC: 00000014 I: 00008a00 R: 1  10 00000412 M: 0 1 00000000 00000000
SIMLOG:: Cycle         281 PC: 00000016 I: 00009a00 R: 0  10 00000000 M: 1 0 00000000 00000412
SIMLOG:: Cycle         282 PC: 00000018 I: 0000c3fd R: 0   3 0000ffff M: 0 1 0000ffff 00000000
SIMLOG:: Cycle         283 PC: 00000014 I: 00008a00 R: 1  10 00000412 M: 0 1 00000000 00000000
SIMLOG:: Cycle         284 PC: 00000016 I: 00009a00 R: 0  10 00000000 M: 1 0 00000000 00000412
SIMLOG:: Cycle         285 PC: 00000018 I: 0000c3fd R: 0   3 0000ffff M: 0 1 0000ffff 00000000
SIMLOG:: Cycle         286 PC: 00000014 I: 00008a00 R: 1  10 00000412 M: 0 1 00000000 00000000
SIMLOG:: Cycle         287 PC: 00000016 I: 00009a00 R: 0  10 00000000 M: 1 0 00000000 00000412
SIMLOG:: Cycle         288 PC: 00000018 I: 0000c3fd R: 0   3 0000ffff M: 0 1 0000ffff 00000000
SIMLOG:: Cycle         289 PC: 00000014 I: 00008a00 R: 1  10 00000412 M: 0 1 00000000 00000000
SIMLOG:: Cycle         290 PC: 00000016 I: 00009a00 R: 0  10 00000000 M: 1 0 00000000 00000412
SIMLOG:: Cycle         291 PC: 00000018 I: 0000c3fd R: 0   3 0000ffff M: 0 1 0000ffff 00000000
SIMLOG:: Cycle         292 PC: 00000014 I: 00008a00 R: 1  10 00000412 M: 0 1 00000000 00000000
SIMLOG:: Cycle         293 PC: 00000016 I: 00009a00 R: 0  10 00000000 M: 1 0 00000000 00000412
SIMLOG:: Cycle         294 PC: 00000018 I: 0000c3fd R: 0   3 0000ffff M: 0 1 0000ffff 00000000
SIMLOG:: Cycle         295 PC: 00000014 I: 00008a00 R: 1  10 00000412 M: 0 1 00000000 00000000
SIMLOG:: Cycle         296 PC: 00000016 I: 00009a00 R: 0  10 00000000 M: 1 0 00000000 00000412
SIMLOG:: Cycle         297 PC: 00000018 I: 0000c3fd R: 0   3 0000ffff M: 0 1 0000ffff 00000000
SIMLOG:: Cycle         298 PC: 00000014 I: 00008a00 R: 1  10 00000412 M: 0 1 00000000 00000000
SIMLOG:: Cycle         299 PC: 00000016 I: 00009a00 R: 0  10 00000000 M: 1 0 00000000 00000412
SIMLOG:: Cycle         300 PC: 00000018 I: 0000c3fd R: 0   3 0000ffff M: 0 1 0000ffff 00000000
SIMLOG:: Cycle         301 PC: 00000014 I: 00008a00 R: 1  10 00000412 M: 0 1 00000000 00000000
SIMLOG:: Cycle         302 PC: 00000016 I: 00009a00 R: 0  10 00000000 M: 1 0 00000000 00000412
SIMLOG:: Cycle         303 PC: 00000018 I: 0000c3fd R: 0   3 0000ffff M: 0 1 0000ffff 00000000
SIMLOG:: Cycle         304 PC: 00000014 I: 00008a00 R: 1  10 00000412 M: 0 1 00000000 00000000
SIMLOG:: Cycle         305 PC: 00000016 I: 00009a00 R: 0  10 00000000 M: 1 0 00000000 00000412
SIMLOG:: Cycle         306 PC: 00000018 I: 0000c3fd R: 0   3 0000ffff M: 0 1 0000ffff 00000000
SIMLOG:: Cycle         307 PC: 00000014 I: 00008a00 R: 1  10 00000412 M: 0 1 00000000 00000000
SIMLOG:: Cycle         308 PC: 00000016 I: 00009a00 R: 0  10 00000000 M: 1 0 00000000 00000412
SIMLOG:: Cycle         309 PC: 00000018 I: 0000c3fd R: 0   3 0000ffff M: 0 1 0000ffff 00000000
SIMLOG:: Cycle         310 PC: 00000014 I: 00008a00 R: 1  10 00000412 M: 0 1 00000000 00000000
SIMLOG:: Cycle         311 PC: 00000016 I: 00009a00 R: 0  10 00000000 M: 1 0 00000000 00000412
SIMLOG:: Cycle         312 PC: 00000018 I: 0000c3fd R: 0   3 0000ffff M: 0 1 0000ffff 00000000
SIMLOG:: Cycle         313 PC: 00000014 I: 00008a00 R: 1  10 00000412 M: 0 1 00000000 00000000
SIMLOG:: Cycle         314 PC: 00000016 I: 00009a00 R: 0  10 00000000 M: 1 0 00000000 00000412
SIMLOG:: Cycle         315 PC: 00000018 I: 0000c3fd R: 0   3 0000ffff M: 0 1 0000ffff 00000000
SIMLOG:: Cycle         316 PC: 00000014 I: 00008a00 R: 1  10 00000412 M: 0 1 00000000 00000000
SIMLOG:: Cycle         317 PC: 00000016 I: 00009a00 R: 0  10 00000000 M: 1 0 00000000 00000412
SIMLOG:: Cycle         318 PC: 00000018 I: 0000c3fd R: 0   3 0000ffff M: 0 1 0000ffff 00000000
SIMLOG:: Cycle         319 PC: 00000014 I: 00008a00 R: 1  10 00000412 M: 0 1 00000000 00000000
SIMLOG:: Cycle         320 PC: 00000016 I: 00009a00 R: 0  10 00000000 M: 1 0 00000000 00000412
SIMLOG:: Cycle         321 PC: 00000018 I: 0000c3fd R: 0   3 0000ffff M: 0 1 0000ffff 00000000
SIMLOG:: Cycle         322 PC: 00000014 I: 00008a00 R: 1  10 00000412 M: 0 1 00000000 00000000
SIMLOG:: Cycle         323 PC: 00000016 I: 00009a00 R: 0  10 00000000 M: 1 0 00000000 00000412
SIMLOG:: Cycle         324 PC: 00000018 I: 0000c3fd R: 0   3 0000ffff M: 0 1 0000ffff 00000000
SIMLOG:: Cycle         325 PC: 00000014 I: 00008a00 R: 1  10 00000412 M: 0 1 00000000 00000000
SIMLOG:: Cycle         326 PC: 00000016 I: 00009a00 R: 0  10 00000000 M: 1 0 00000000 00000412
SIMLOG:: Cycle         327 PC: 00000018 I: 0000c3fd R: 0   3 0000ffff M: 0 1 0000ffff 00000000
SIMLOG:: Cycle         328 PC: 00000014 I: 00008a00 R: 1  10 00000412 M: 0 1 00000000 00000000
SIMLOG:: Cycle         329 PC: 00000016 I: 00009a00 R: 0  10 00000000 M: 1 0 00000000 00000412
SIMLOG:: Cycle         330 PC: 00000018 I: 0000c3fd R: 0   3 0000ffff M: 0 1 0000ffff 00000000
SIMLOG:: Cycle         331 PC: 00000014 I: 00008a00 R: 1  10 00000412 M: 0 1 00000000 00000000
SIMLOG:: Cycle         332 PC: 00000016 I: 00009a00 R: 0  10 00000000 M: 1 0 00000000 00000412
SIMLOG:: Cycle         333 PC: 00000018 I: 0000c3fd R: 0   3 0000ffff M: 0 1 0000ffff 00000000
SIMLOG:: Cycle         334 PC: 00000014 I: 00008a00 R: 1  10 00000412 M: 0 1 00000000 00000000
SIMLOG:: Cycle         335 PC: 00000016 I: 00009a00 R: 0  10 00000000 M: 1 0 00000000 00000412
SIMLOG:: Cycle         336 PC: 00000018 I: 0000c3fd R: 0   3 0000ffff M: 0 1 0000ffff 00000000
SIMLOG:: Cycle         337 PC: 00000014 I: 00008a00 R: 1  10 00000412 M: 0 1 00000000 00000000
SIMLOG:: Cycle         338 PC: 00000016 I: 00009a00 R: 0  10 00000000 M: 1 0 00000000 00000412
SIMLOG:: Cycle         339 PC: 00000018 I: 0000c3fd R: 0   3 0000ffff M: 0 1 0000ffff 00000000
SIMLOG:: Cycle         340 PC: 00000014 I: 00008a00 R: 1  10 00000412 M: 0 1 00000000 00000000
SIMLOG:: Cycle         341 PC: 00000016 I: 00009a00 R: 0  10 00000000 M: 1 0 00000000 00000412
SIMLOG:: Cycle         342 PC: 00000018 I: 0000c3fd R: 0   3 0000ffff M: 0 1 0000ffff 00000000
SIMLOG:: Cycle         343 PC: 00000014 I: 00008a00 R: 1  10 00000412 M: 0 1 00000000 00000000
SIMLOG:: Cycle         344 PC: 00000016 I: 00009a00 R: 0  10 00000000 M: 1 0 00000000 00000412
SIMLOG:: Cycle         345 PC: 00000018 I: 0000c3fd R: 0   3 0000ffff M: 0 1 0000ffff 00000000
SIMLOG:: Cycle         346 PC: 00000014 I: 00008a00 R: 1  10 00000412 M: 0 1 00000000 00000000
SIMLOG:: Cycle         347 PC: 00000016 I: 00009a00 R: 0  10 00000000 M: 1 0 00000000 00000412
SIMLOG:: Cycle         348 PC: 00000018 I: 0000c3fd R: 0   3 0000ffff M: 0 1 0000ffff 00000000
SIMLOG:: Cycle         349 PC: 00000014 I: 00008a00 R: 1  10 00000412 M: 0 1 00000000 00000000
SIMLOG:: Cycle         350 PC: 00000016 I: 00009a00 R: 0  10 00000000 M: 1 0 00000000 00000412
SIMLOG:: Cycle         351 PC: 00000018 I: 0000c3fd R: 0   3 0000ffff M: 0 1 0000ffff 00000000
SIMLOG:: Cycle         352 PC: 00000014 I: 00008a00 R: 1  10 00000412 M: 0 1 00000000 00000000
SIMLOG:: Cycle         353 PC: 00000016 I: 00009a00 R: 0  10 00000000 M: 1 0 00000000 00000412
SIMLOG:: Cycle         354 PC: 00000018 I: 0000c3fd R: 0   3 0000ffff M: 0 1 0000ffff 00000000
SIMLOG:: Cycle         355 PC: 00000014 I: 00008a00 R: 1  10 00000412 M: 0 1 00000000 00000000
SIMLOG:: Cycle         356 PC: 00000016 I: 00009a00 R: 0  10 00000000 M: 1 0 00000000 00000412
SIMLOG:: Cycle         357 PC: 00000018 I: 0000c3fd R: 0   3 0000ffff M: 0 1 0000ffff 00000000
SIMLOG:: Cycle         358 PC: 00000014 I: 00008a00 R: 1  10 00000412 M: 0 1 00000000 00000000
SIMLOG:: Cycle         359 PC: 00000016 I: 00009a00 R: 0  10 00000000 M: 1 0 00000000 00000412
SIMLOG:: Cycle         360 PC: 00000018 I: 0000c3fd R: 0   3 0000ffff M: 0 1 0000ffff 00000000
SIMLOG:: Cycle         361 PC: 00000014 I: 00008a00 R: 1  10 00000412 M: 0 1 00000000 00000000
SIMLOG:: Cycle         362 PC: 00000016 I: 00009a00 R: 0  10 00000000 M: 1 0 00000000 00000412
SIMLOG:: Cycle         363 PC: 00000018 I: 0000c3fd R: 0   3 0000ffff M: 0 1 0000ffff 00000000
SIMLOG:: Cycle         364 PC: 00000014 I: 00008a00 R: 1  10 00000412 M: 0 1 00000000 00000000
SIMLOG:: Cycle         365 PC: 00000016 I: 00009a00 R: 0  10 00000000 M: 1 0 00000000 00000412
SIMLOG:: Cycle         366 PC: 00000018 I: 0000c3fd R: 0   3 0000ffff M: 0 1 0000ffff 00000000
SIMLOG:: Cycle         367 PC: 00000014 I: 00008a00 R: 1  10 00000412 M: 0 1 00000000 00000000
SIMLOG:: Cycle         368 PC: 00000016 I: 00009a00 R: 0  10 00000000 M: 1 0 00000000 00000412
SIMLOG:: Cycle         369 PC: 00000018 I: 0000c3fd R: 0   3 0000ffff M: 0 1 0000ffff 00000000
SIMLOG:: Cycle         370 PC: 00000014 I: 00008a00 R: 1  10 00000412 M: 0 1 00000000 00000000
SIMLOG:: Cycle         371 PC: 00000016 I: 00009a00 R: 0  10 00000000 M: 1 0 00000000 00000412
SIMLOG:: Cycle         372 PC: 00000018 I: 0000c3fd R: 0   3 0000ffff M: 0 1 0000ffff 00000000
SIMLOG:: Cycle         373 PC: 00000014 I: 00008a00 R: 1  10 00000412 M: 0 1 00000000 00000000
SIMLOG:: Cycle         374 PC: 00000016 I: 00009a00 R: 0  10 00000000 M: 1 0 00000000 00000412
SIMLOG:: Cycle         375 PC: 00000018 I: 0000c3fd R: 0   3 0000ffff M: 0 1 0000ffff 00000000
SIMLOG:: Cycle         376 PC: 00000014 I: 00008a00 R: 1  10 00000412 M: 0 1 00000000 00000000
SIMLOG:: Cycle         377 PC: 00000016 I: 00009a00 R: 0  10 00000000 M: 1 0 00000000 00000412
SIMLOG:: Cycle         378 PC: 00000018 I: 0000c3fd R: 0   3 0000ffff M: 0 1 0000ffff 00000000
SIMLOG:: Cycle         379 PC: 00000014 I: 00008a00 R: 1  10 00000412 M: 0 1 00000000 00000000
SIMLOG:: Cycle         380 PC: 00000016 I: 00009a00 R: 0  10 00000000 M: 1 0 00000000 00000412
SIMLOG:: Cycle         381 PC: 00000018 I: 0000c3fd R: 0   3 0000ffff M: 0 1 0000ffff 00000000
SIMLOG:: Cycle         382 PC: 00000014 I: 00008a00 R: 1  10 00000412 M: 0 1 00000000 00000000
SIMLOG:: Cycle         383 PC: 00000016 I: 00009a00 R: 0  10 00000000 M: 1 0 00000000 00000412
SIMLOG:: Cycle         384 PC: 00000018 I: 0000c3fd R: 0   3 0000ffff M: 0 1 0000ffff 00000000
SIMLOG:: Cycle         385 PC: 00000014 I: 00008a00 R: 1  10 00000412 M: 0 1 00000000 00000000
SIMLOG:: Cycle         386 PC: 00000016 I: 00009a00 R: 0  10 00000000 M: 1 0 00000000 00000412
SIMLOG:: Cycle         387 PC: 00000018 I: 0000c3fd R: 0   3 0000ffff M: 0 1 0000ffff 00000000
SIMLOG:: Cycle         388 PC: 00000014 I: 00008a00 R: 1  10 00000412 M: 0 1 00000000 00000000
SIMLOG:: Cycle         389 PC: 00000016 I: 00009a00 R: 0  10 00000000 M: 1 0 00000000 00000412
SIMLOG:: Cycle         390 PC: 00000018 I: 0000c3fd R: 0   3 0000ffff M: 0 1 0000ffff 00000000
SIMLOG:: Cycle         391 PC: 00000014 I: 00008a00 R: 1  10 00000412 M: 0 1 00000000 00000000
SIMLOG:: Cycle         392 PC: 00000016 I: 00009a00 R: 0  10 00000000 M: 1 0 00000000 00000412
SIMLOG:: Cycle         393 PC: 00000018 I: 0000c3fd R: 0   3 0000ffff M: 0 1 0000ffff 00000000
SIMLOG:: Cycle         394 PC: 00000014 I: 00008a00 R: 1  10 00000412 M: 0 1 00000000 00000000
SIMLOG:: Cycle         395 PC: 00000016 I: 00009a00 R: 0  10 00000000 M: 1 0 00000000 00000412
SIMLOG:: Cycle         396 PC: 00000018 I: 0000c3fd R: 0   3 0000ffff M: 0 1 0000ffff 00000000
SIMLOG:: Cycle         397 PC: 00000014 I: 00008a00 R: 1  10 00000412 M: 0 1 00000000 00000000
SIMLOG:: Cycle         398 PC: 00000016 I: 00009a00 R: 0  10 00000000 M: 1 0 00000000 00000412
SIMLOG:: Cycle         399 PC: 00000018 I: 0000c3fd R: 0   3 0000ffff M: 0 1 0000ffff 00000000
SIMLOG:: Cycle         400 PC: 00000014 I: 00008a00 R: 1  10 00000412 M: 0 1 00000000 00000000
SIMLOG:: Cycle         401 PC: 00000016 I: 00009a00 R: 0  10 00000000 M: 1 0 00000000 00000412
SIMLOG:: Cycle         402 PC: 00000018 I: 0000c3fd R: 0   3 0000ffff M: 0 1 0000ffff 00000000
SIMLOG:: Cycle         403 PC: 00000014 I: 00008a00 R: 1  10 00000412 M: 0 1 00000000 00000000
SIMLOG:: Cycle         404 PC: 00000016 I: 00009a00 R: 0  10 00000000 M: 1 0 00000000 00000412
SIMLOG:: Cycle         405 PC: 00000018 I: 0000c3fd R: 0   3 0000ffff M: 0 1 0000ffff 00000000
SIMLOG:: Cycle         406 PC: 00000014 I: 00008a00 R: 1  10 00000412 M: 0 1 00000000 00000000
SIMLOG:: Cycle         407 PC: 00000016 I: 00009a00 R: 0  10 00000000 M: 1 0 00000000 00000412
SIMLOG:: Cycle         408 PC: 00000018 I: 0000c3fd R: 0   3 0000ffff M: 0 1 0000ffff 00000000
SIMLOG:: Cycle         409 PC: 00000014 I: 00008a00 R: 1  10 00000412 M: 0 1 00000000 00000000
SIMLOG:: Cycle         410 PC: 00000016 I: 00009a00 R: 0  10 00000000 M: 1 0 00000000 00000412
SIMLOG:: Cycle         411 PC: 00000018 I: 0000c3fd R: 0   3 0000ffff M: 0 1 0000ffff 00000000
SIMLOG:: Cycle         412 PC: 00000014 I: 00008a00 R: 1  10 00000412 M: 0 1 00000000 00000000
SIMLOG:: Cycle         413 PC: 00000016 I: 00009a00 R: 0  10 00000000 M: 1 0 00000000 00000412
SIMLOG:: Cycle         414 PC: 00000018 I: 0000c3fd R: 0   3 0000ffff M: 0 1 0000ffff 00000000
SIMLOG:: Cycle         415 PC: 00000014 I: 00008a00 R: 1  10 00000412 M: 0 1 00000000 00000000
SIMLOG:: Cycle         416 PC: 00000016 I: 00009a00 R: 0  10 00000000 M: 1 0 00000000 00000412
SIMLOG:: Cycle         417 PC: 00000018 I: 0000c3fd R: 0   3 0000ffff M: 0 1 0000ffff 00000000
SIMLOG:: Cycle         418 PC: 00000014 I: 00008a00 R: 1  10 00000412 M: 0 1 00000000 00000000
SIMLOG:: Cycle         419 PC: 00000016 I: 00009a00 R: 0  10 00000000 M: 1 0 00000000 00000412
SIMLOG:: Cycle         420 PC: 00000018 I: 0000c3fd R: 0   3 0000ffff M: 0 1 0000ffff 00000000
SIMLOG:: Cycle         421 PC: 00000014 I: 00008a00 R: 1  10 00000412 M: 0 1 00000000 00000000
SIMLOG:: Cycle         422 PC: 00000016 I: 00009a00 R: 0  10 00000000 M: 1 0 00000000 00000412
SIMLOG:: Cycle         423 PC: 00000018 I: 0000c3fd R: 0   3 0000ffff M: 0 1 0000ffff 00000000
SIMLOG:: Cycle         424 PC: 00000014 I: 00008a00 R: 1  10 00000412 M: 0 1 00000000 00000000
SIMLOG:: Cycle         425 PC: 00000016 I: 00009a00 R: 0  10 00000000 M: 1 0 00000000 00000412
SIMLOG:: Cycle         426 PC: 00000018 I: 0000c3fd R: 0   3 0000ffff M: 0 1 0000ffff 00000000
SIMLOG:: Cycle         427 PC: 00000014 I: 00008a00 R: 1  10 00000412 M: 0 1 00000000 00000000
SIMLOG:: Cycle         428 PC: 00000016 I: 00009a00 R: 0  10 00000000 M: 1 0 00000000 00000412
SIMLOG:: Cycle         429 PC: 00000018 I: 0000c3fd R: 0   3 0000ffff M: 0 1 0000ffff 00000000
SIMLOG:: Cycle         430 PC: 00000014 I: 00008a00 R: 1  10 00000412 M: 0 1 00000000 00000000
SIMLOG:: Cycle         431 PC: 00000016 I: 00009a00 R: 0  10 00000000 M: 1 0 00000000 00000412
SIMLOG:: Cycle         432 PC: 00000018 I: 0000c3fd R: 0   3 0000ffff M: 0 1 0000ffff 00000000
SIMLOG:: Cycle         433 PC: 00000014 I: 00008a00 R: 1  10 00000412 M: 0 1 00000000 00000000
SIMLOG:: Cycle         434 PC: 00000016 I: 00009a00 R: 0  10 00000000 M: 1 0 00000000 00000412
SIMLOG:: Cycle         435 PC: 00000018 I: 0000c3fd R: 0   3 0000ffff M: 0 1 0000ffff 00000000
SIMLOG:: Cycle         436 PC: 00000014 I: 00008a00 R: 1  10 00000412 M: 0 1 00000000 00000000
SIMLOG:: Cycle         437 PC: 00000016 I: 00009a00 R: 0  10 00000000 M: 1 0 00000000 00000412
SIMLOG:: Cycle         438 PC: 00000018 I: 0000c3fd R: 0   3 0000ffff M: 0 1 0000ffff 00000000
SIMLOG:: Cycle         439 PC: 00000014 I: 00008a00 R: 1  10 00000412 M: 0 1 00000000 00000000
SIMLOG:: Cycle         440 PC: 00000016 I: 00009a00 R: 0  10 00000000 M: 1 0 00000000 00000412
SIMLOG:: Cycle         441 PC: 00000018 I: 0000c3fd R: 0   3 0000ffff M: 0 1 0000ffff 00000000
SIMLOG:: Cycle         442 PC: 00000014 I: 00008a00 R: 1  10 00000412 M: 0 1 00000000 00000000
SIMLOG:: Cycle         443 PC: 00000016 I: 00009a00 R: 0  10 00000000 M: 1 0 00000000 00000412
SIMLOG:: Cycle         444 PC: 00000018 I: 0000c3fd R: 0   3 0000ffff M: 0 1 0000ffff 00000000
SIMLOG:: Cycle         445 PC: 00000014 I: 00008a00 R: 1  10 00000412 M: 0 1 00000000 00000000
SIMLOG:: Cycle         446 PC: 00000016 I: 00009a00 R: 0  10 00000000 M: 1 0 00000000 00000412
SIMLOG:: Cycle         447 PC: 00000018 I: 0000c3fd R: 0   3 0000ffff M: 0 1 0000ffff 00000000
SIMLOG:: Cycle         448 PC: 00000014 I: 00008a00 R: 1  10 00000412 M: 0 1 00000000 00000000
SIMLOG:: Cycle         449 PC: 00000016 I: 00009a00 R: 0  10 00000000 M: 1 0 00000000 00000412
SIMLOG:: Cycle         450 PC: 00000018 I: 0000c3fd R: 0   3 0000ffff M: 0 1 0000ffff 00000000
SIMLOG:: Cycle         451 PC: 00000014 I: 00008a00 R: 1  10 00000412 M: 0 1 00000000 00000000
SIMLOG:: Cycle         452 PC: 00000016 I: 00009a00 R: 0  10 00000000 M: 1 0 00000000 00000412
SIMLOG:: Cycle         453 PC: 00000018 I: 0000c3fd R: 0   3 0000ffff M: 0 1 0000ffff 00000000
SIMLOG:: Cycle         454 PC: 00000014 I: 00008a00 R: 1  10 00000412 M: 0 1 00000000 00000000
SIMLOG:: Cycle         455 PC: 00000016 I: 00009a00 R: 0  10 00000000 M: 1 0 00000000 00000412
SIMLOG:: Cycle         456 PC: 00000018 I: 0000c3fd R: 0   3 0000ffff M: 0 1 0000ffff 00000000
SIMLOG:: Cycle         457 PC: 00000014 I: 00008a00 R: 1  10 00000412 M: 0 1 00000000 00000000
SIMLOG:: Cycle         458 PC: 00000016 I: 00009a00 R: 0  10 00000000 M: 1 0 00000000 00000412
SIMLOG:: Cycle         459 PC: 00000018 I: 0000c3fd R: 0   3 0000ffff M: 0 1 0000ffff 00000000
SIMLOG:: Cycle         460 PC: 00000014 I: 00008a00 R: 1  10 00000412 M: 0 1 00000000 00000000
SIMLOG:: Cycle         461 PC: 00000016 I: 00009a00 R: 0  10 00000000 M: 1 0 00000000 00000412
SIMLOG:: Cycle         462 PC: 00000018 I: 0000c3fd R: 0   3 0000ffff M: 0 1 0000ffff 00000000
SIMLOG:: Cycle         463 PC: 00000014 I: 00008a00 R: 1  10 00000412 M: 0 1 00000000 00000000
SIMLOG:: Cycle         464 PC: 00000016 I: 00009a00 R: 0  10 00000000 M: 1 0 00000000 00000412
SIMLOG:: Cycle         465 PC: 00000018 I: 0000c3fd R: 0   3 0000ffff M: 0 1 0000ffff 00000000
SIMLOG:: Cycle         466 PC: 00000014 I: 00008a00 R: 1  10 00000412 M: 0 1 00000000 00000000
SIMLOG:: Cycle         467 PC: 00000016 I: 00009a00 R: 0  10 00000000 M: 1 0 00000000 00000412
SIMLOG:: Cycle         468 PC: 00000018 I: 0000c3fd R: 0   3 0000ffff M: 0 1 0000ffff 00000000
SIMLOG:: Cycle         469 PC: 00000014 I: 00008a00 R: 1  10 00000412 M: 0 1 00000000 00000000
SIMLOG:: Cycle         470 PC: 00000016 I: 00009a00 R: 0  10 00000000 M: 1 0 00000000 00000412
SIMLOG:: Cycle         471 PC: 00000018 I: 0000c3fd R: 0   3 0000ffff M: 0 1 0000ffff 00000000
SIMLOG:: Cycle         472 PC: 00000014 I: 00008a00 R: 1  10 00000412 M: 0 1 00000000 00000000
SIMLOG:: Cycle         473 PC: 00000016 I: 00009a00 R: 0  10 00000000 M: 1 0 00000000 00000412
SIMLOG:: Cycle         474 PC: 00000018 I: 0000c3fd R: 0   3 0000ffff M: 0 1 0000ffff 00000000
SIMLOG:: Cycle         475 PC: 00000014 I: 00008a00 R: 1  10 00000412 M: 0 1 00000000 00000000
SIMLOG:: Cycle         476 PC: 00000016 I: 00009a00 R: 0  10 00000000 M: 1 0 00000000 00000412
SIMLOG:: Cycle         477 PC: 00000018 I: 0000c3fd R: 0   3 0000ffff M: 0 1 0000ffff 00000000
SIMLOG:: Cycle         478 PC: 00000014 I: 00008a00 R: 1  10 00000412 M: 0 1 00000000 00000000
SIMLOG:: Cycle         479 PC: 00000016 I: 00009a00 R: 0  10 00000000 M: 1 0 00000000 00000412
SIMLOG:: Cycle         480 PC: 00000018 I: 0000c3fd R: 0   3 0000ffff M: 0 1 0000ffff 00000000
SIMLOG:: Cycle         481 PC: 00000014 I: 00008a00 R: 1  10 00000412 M: 0 1 00000000 00000000
SIMLOG:: Cycle         482 PC: 00000016 I: 00009a00 R: 0  10 00000000 M: 1 0 00000000 00000412
SIMLOG:: Cycle         483 PC: 00000018 I: 0000c3fd R: 0   3 0000ffff M: 0 1 0000ffff 00000000
SIMLOG:: Cycle         484 PC: 00000014 I: 00008a00 R: 1  10 00000412 M: 0 1 00000000 00000000
SIMLOG:: Cycle         485 PC: 00000016 I: 00009a00 R: 0  10 00000000 M: 1 0 00000000 00000412
SIMLOG:: Cycle         486 PC: 00000018 I: 0000c3fd R: 0   3 0000ffff M: 0 1 0000ffff 00000000
SIMLOG:: Cycle         487 PC: 00000014 I: 00008a00 R: 1  10 00000412 M: 0 1 00000000 00000000
SIMLOG:: Cycle         488 PC: 00000016 I: 00009a00 R: 0  10 00000000 M: 1 0 00000000 00000412
SIMLOG:: Cycle         489 PC: 00000018 I: 0000c3fd R: 0   3 0000ffff M: 0 1 0000ffff 00000000
SIMLOG:: Cycle         490 PC: 00000014 I: 00008a00 R: 1  10 00000412 M: 0 1 00000000 00000000
SIMLOG:: Cycle         491 PC: 00000016 I: 00009a00 R: 0  10 00000000 M: 1 0 00000000 00000412
SIMLOG:: Cycle         492 PC: 00000018 I: 0000c3fd R: 0   3 0000ffff M: 0 1 0000ffff 00000000
SIMLOG:: Cycle         493 PC: 00000014 I: 00008a00 R: 1  10 00000412 M: 0 1 00000000 00000000
SIMLOG:: Cycle         494 PC: 00000016 I: 00009a00 R: 0  10 00000000 M: 1 0 00000000 00000412
SIMLOG:: Cycle         495 PC: 00000018 I: 0000c3fd R: 0   3 0000ffff M: 0 1 0000ffff 00000000
SIMLOG:: Cycle         496 PC: 00000014 I: 00008a00 R: 1  10 00000412 M: 0 1 00000000 00000000
SIMLOG:: Cycle         497 PC: 00000016 I: 00009a00 R: 0  10 00000000 M: 1 0 00000000 00000412
SIMLOG:: Cycle         498 PC: 00000018 I: 0000c3fd R: 0   3 0000ffff M: 0 1 0000ffff 00000000
SIMLOG:: Cycle         499 PC: 00000014 I: 00008a00 R: 1  10 00000412 M: 0 1 00000000 00000000
SIMLOG:: Cycle         500 PC: 00000016 I: 00009a00 R: 0  10 00000000 M: 1 0 00000000 00000412
SIMLOG:: Cycle         501 PC: 00000018 I: 0000c3fd R: 0   3 0000ffff M: 0 1 0000ffff 00000000
SIMLOG:: Cycle         502 PC: 00000014 I: 00008a00 R: 1  10 00000412 M: 0 1 00000000 00000000
SIMLOG:: Cycle         503 PC: 00000016 I: 00009a00 R: 0  10 00000000 M: 1 0 00000000 00000412
SIMLOG:: Cycle         504 PC: 00000018 I: 0000c3fd R: 0   3 0000ffff M: 0 1 0000ffff 00000000
SIMLOG:: Cycle         505 PC: 00000014 I: 00008a00 R: 1  10 00000412 M: 0 1 00000000 00000000
SIMLOG:: Cycle         506 PC: 00000016 I: 00009a00 R: 0  10 00000000 M: 1 0 00000000 00000412
SIMLOG:: Cycle         507 PC: 00000018 I: 0000c3fd R: 0   3 0000ffff M: 0 1 0000ffff 00000000
SIMLOG:: Cycle         508 PC: 00000014 I: 00008a00 R: 1  10 00000412 M: 0 1 00000000 00000000
SIMLOG:: Cycle         509 PC: 00000016 I: 00009a00 R: 0  10 00000000 M: 1 0 00000000 00000412
SIMLOG:: Cycle         510 PC: 00000018 I: 0000c3fd R: 0   3 0000ffff M: 0 1 0000ffff 00000000
SIMLOG:: Cycle         511 PC: 00000014 I: 00008a00 R: 1  10 00000412 M: 0 1 00000000 00000000
SIMLOG:: Cycle         512 PC: 00000016 I: 00009a00 R: 0  10 00000000 M: 1 0 00000000 00000412
SIMLOG:: Cycle         513 PC: 00000018 I: 0000c3fd R: 0   3 0000ffff M: 0 1 0000ffff 00000000
SIMLOG:: Cycle         514 PC: 00000014 I: 00008a00 R: 1  10 00000412 M: 0 1 00000000 00000000
SIMLOG:: Cycle         515 PC: 00000016 I: 00009a00 R: 0  10 00000000 M: 1 0 00000000 00000412
SIMLOG:: Cycle         516 PC: 00000018 I: 0000c3fd R: 0   3 0000ffff M: 0 1 0000ffff 00000000
SIMLOG:: Cycle         517 PC: 00000014 I: 00008a00 R: 1  10 00000412 M: 0 1 00000000 00000000
SIMLOG:: Cycle         518 PC: 00000016 I: 00009a00 R: 0  10 00000000 M: 1 0 00000000 00000412
SIMLOG:: Cycle         519 PC: 00000018 I: 0000c3fd R: 0   3 0000ffff M: 0 1 0000ffff 00000000
SIMLOG:: Cycle         520 PC: 00000014 I: 00008a00 R: 1  10 00000412 M: 0 1 00000000 00000000
SIMLOG:: Cycle         521 PC: 00000016 I: 00009a00 R: 0  10 00000000 M: 1 0 00000000 00000412
SIMLOG:: Cycle         522 PC: 00000018 I: 0000c3fd R: 0   3 0000ffff M: 0 1 0000ffff 00000000
SIMLOG:: Cycle         523 PC: 00000014 I: 00008a00 R: 1  10 00000412 M: 0 1 00000000 00000000
SIMLOG:: Cycle         524 PC: 00000016 I: 00009a00 R: 0  10 00000000 M: 1 0 00000000 00000412
SIMLOG:: Cycle         525 PC: 00000018 I: 0000c3fd R: 0   3 0000ffff M: 0 1 0000ffff 00000000
SIMLOG:: Cycle         526 PC: 00000014 I: 00008a00 R: 1  10 00000412 M: 0 1 00000000 00000000
SIMLOG:: Cycle         527 PC: 00000016 I: 00009a00 R: 0  10 00000000 M: 1 0 00000000 00000412
SIMLOG:: Cycle         528 PC: 00000018 I: 0000c3fd R: 0   3 0000ffff M: 0 1 0000ffff 00000000
SIMLOG:: Cycle         529 PC: 00000014 I: 00008a00 R: 1  10 00000412 M: 0 1 00000000 00000000
SIMLOG:: Cycle         530 PC: 00000016 I: 00009a00 R: 0  10 00000000 M: 1 0 00000000 00000412
SIMLOG:: Cycle         531 PC: 00000018 I: 0000c3fd R: 0   3 0000ffff M: 0 1 0000ffff 00000000
SIMLOG:: Cycle         532 PC: 00000014 I: 00008a00 R: 1  10 00000412 M: 0 1 00000000 00000000
SIMLOG:: Cycle         533 PC: 00000016 I: 00009a00 R: 0  10 00000000 M: 1 0 00000000 00000412
SIMLOG:: Cycle         534 PC: 00000018 I: 0000c3fd R: 0   3 0000ffff M: 0 1 0000ffff 00000000
SIMLOG:: Cycle         535 PC: 00000014 I: 00008a00 R: 1  10 00000412 M: 0 1 00000000 00000000
SIMLOG:: Cycle         536 PC: 00000016 I: 00009a00 R: 0  10 00000000 M: 1 0 00000000 00000412
SIMLOG:: Cycle         537 PC: 00000018 I: 0000c3fd R: 0   3 0000ffff M: 0 1 0000ffff 00000000
SIMLOG:: Cycle         538 PC: 00000014 I: 00008a00 R: 1  10 00000412 M: 0 1 00000000 00000000
SIMLOG:: Cycle         539 PC: 00000016 I: 00009a00 R: 0  10 00000000 M: 1 0 00000000 00000412
SIMLOG:: Cycle         540 PC: 00000018 I: 0000c3fd R: 0   3 0000ffff M: 0 1 0000ffff 00000000
SIMLOG:: Cycle         541 PC: 00000014 I: 00008a00 R: 1  10 00000412 M: 0 1 00000000 00000000
SIMLOG:: Cycle         542 PC: 00000016 I: 00009a00 R: 0  10 00000000 M: 1 0 00000000 00000412
SIMLOG:: Cycle         543 PC: 00000018 I: 0000c3fd R: 0   3 0000ffff M: 0 1 0000ffff 00000000
SIMLOG:: Cycle         544 PC: 00000014 I: 00008a00 R: 1  10 00000412 M: 0 1 00000000 00000000
SIMLOG:: Cycle         545 PC: 00000016 I: 00009a00 R: 0  10 00000000 M: 1 0 00000000 00000412
SIMLOG:: Cycle         546 PC: 00000018 I: 0000c3fd R: 0   3 0000ffff M: 0 1 0000ffff 00000000
SIMLOG:: Cycle         547 PC: 00000014 I: 00008a00 R: 1  10 00000412 M: 0 1 00000000 00000000
SIMLOG:: Cycle         548 PC: 00000016 I: 00009a00 R: 0  10 00000000 M: 1 0 00000000 00000412
SIMLOG:: Cycle         549 PC: 00000018 I: 0000c3fd R: 0   3 0000ffff M: 0 1 0000ffff 00000000
SIMLOG:: Cycle         550 PC: 00000014 I: 00008a00 R: 1  10 00000412 M: 0 1 00000000 00000000
SIMLOG:: Cycle         551 PC: 00000016 I: 00009a00 R: 0  10 00000000 M: 1 0 00000000 00000412
SIMLOG:: Cycle         552 PC: 00000018 I: 0000c3fd R: 0   3 0000ffff M: 0 1 0000ffff 00000000
SIMLOG:: Cycle         553 PC: 00000014 I: 00008a00 R: 1  10 00000412 M: 0 1 00000000 00000000
SIMLOG:: Cycle         554 PC: 00000016 I: 00009a00 R: 0  10 00000000 M: 1 0 00000000 00000412
SIMLOG:: Cycle         555 PC: 00000018 I: 0000c3fd R: 0   3 0000ffff M: 0 1 0000ffff 00000000
SIMLOG:: Cycle         556 PC: 00000014 I: 00008a00 R: 1  10 00000412 M: 0 1 00000000 00000000
SIMLOG:: Cycle         557 PC: 00000016 I: 00009a00 R: 0  10 00000000 M: 1 0 00000000 00000412
SIMLOG:: Cycle         558 PC: 00000018 I: 0000c3fd R: 0   3 0000ffff M: 0 1 0000ffff 00000000
SIMLOG:: Cycle         559 PC: 00000014 I: 00008a00 R: 1  10 00000412 M: 0 1 00000000 00000000
SIMLOG:: Cycle         560 PC: 00000016 I: 00009a00 R: 0  10 00000000 M: 1 0 00000000 00000412
SIMLOG:: Cycle         561 PC: 00000018 I: 0000c3fd R: 0   3 0000ffff M: 0 1 0000ffff 00000000
SIMLOG:: Cycle         562 PC: 00000014 I: 00008a00 R: 1  10 00000412 M: 0 1 00000000 00000000
SIMLOG:: Cycle         563 PC: 00000016 I: 00009a00 R: 0  10 00000000 M: 1 0 00000000 00000412
SIMLOG:: Cycle         564 PC: 00000018 I: 0000c3fd R: 0   3 0000ffff M: 0 1 0000ffff 00000000
SIMLOG:: Cycle         565 PC: 00000014 I: 00008a00 R: 1  10 00000412 M: 0 1 00000000 00000000
SIMLOG:: Cycle         566 PC: 00000016 I: 00009a00 R: 0  10 00000000 M: 1 0 00000000 00000412
SIMLOG:: Cycle         567 PC: 00000018 I: 0000c3fd R: 0   3 0000ffff M: 0 1 0000ffff 00000000
SIMLOG:: Cycle         568 PC: 00000014 I: 00008a00 R: 1  10 00000412 M: 0 1 00000000 00000000
SIMLOG:: Cycle         569 PC: 00000016 I: 00009a00 R: 0  10 00000000 M: 1 0 00000000 00000412
SIMLOG:: Cycle         570 PC: 00000018 I: 0000c3fd R: 0   3 0000ffff M: 0 1 0000ffff 00000000
SIMLOG:: Cycle         571 PC: 00000014 I: 00008a00 R: 1  10 00000412 M: 0 1 00000000 00000000
SIMLOG:: Cycle         572 PC: 00000016 I: 00009a00 R: 0  10 00000000 M: 1 0 00000000 00000412
SIMLOG:: Cycle         573 PC: 00000018 I: 0000c3fd R: 0   3 0000ffff M: 0 1 0000ffff 00000000
SIMLOG:: Cycle         574 PC: 00000014 I: 00008a00 R: 1  10 00000412 M: 0 1 00000000 00000000
SIMLOG:: Cycle         575 PC: 00000016 I: 00009a00 R: 0  10 00000000 M: 1 0 00000000 00000412
SIMLOG:: Cycle         576 PC: 00000018 I: 0000c3fd R: 0   3 0000ffff M: 0 1 0000ffff 00000000
SIMLOG:: Cycle         577 PC: 00000014 I: 00008a00 R: 1  10 00000412 M: 0 1 00000000 00000000
SIMLOG:: Cycle         578 PC: 00000016 I: 00009a00 R: 0  10 00000000 M: 1 0 00000000 00000412
SIMLOG:: Cycle         579 PC: 00000018 I: 0000c3fd R: 0   3 0000ffff M: 0 1 0000ffff 00000000
SIMLOG:: Cycle         580 PC: 00000014 I: 00008a00 R: 1  10 00000412 M: 0 1 00000000 00000000
SIMLOG:: Cycle         581 PC: 00000016 I: 00009a00 R: 0  10 00000000 M: 1 0 00000000 00000412
SIMLOG:: Cycle         582 PC: 00000018 I: 0000c3fd R: 0   3 0000ffff M: 0 1 0000ffff 00000000
SIMLOG:: Cycle         583 PC: 00000014 I: 00008a00 R: 1  10 00000412 M: 0 1 00000000 00000000
SIMLOG:: Cycle         584 PC: 00000016 I: 00009a00 R: 0  10 00000000 M: 1 0 00000000 00000412
SIMLOG:: Cycle         585 PC: 00000018 I: 0000c3fd R: 0   3 0000ffff M: 0 1 0000ffff 00000000
SIMLOG:: Cycle         586 PC: 00000014 I: 00008a00 R: 1  10 00000412 M: 0 1 00000000 00000000
SIMLOG:: Cycle         587 PC: 00000016 I: 00009a00 R: 0  10 00000000 M: 1 0 00000000 00000412
SIMLOG:: Cycle         588 PC: 00000018 I: 0000c3fd R: 0   3 0000ffff M: 0 1 0000ffff 00000000
SIMLOG:: Cycle         589 PC: 00000014 I: 00008a00 R: 1  10 00000412 M: 0 1 00000000 00000000
SIMLOG:: Cycle         590 PC: 00000016 I: 00009a00 R: 0  10 00000000 M: 1 0 00000000 00000412
SIMLOG:: Cycle         591 PC: 00000018 I: 0000c3fd R: 0   3 0000ffff M: 0 1 0000ffff 00000000
SIMLOG:: Cycle         592 PC: 00000014 I: 00008a00 R: 1  10 00000412 M: 0 1 00000000 00000000
SIMLOG:: Cycle         593 PC: 00000016 I: 00009a00 R: 0  10 00000000 M: 1 0 00000000 00000412
SIMLOG:: Cycle         594 PC: 00000018 I: 0000c3fd R: 0   3 0000ffff M: 0 1 0000ffff 00000000
SIMLOG:: Cycle         595 PC: 00000014 I: 00008a00 R: 1  10 00000412 M: 0 1 00000000 00000000
SIMLOG:: Cycle         596 PC: 00000016 I: 00009a00 R: 0  10 00000000 M: 1 0 00000000 00000412
SIMLOG:: Cycle         597 PC: 00000018 I: 0000c3fd R: 0   3 0000ffff M: 0 1 0000ffff 00000000
SIMLOG:: Cycle         598 PC: 00000014 I: 00008a00 R: 1  10 00000412 M: 0 1 00000000 00000000
SIMLOG:: Cycle         599 PC: 00000016 I: 00009a00 R: 0  10 00000000 M: 1 0 00000000 00000412
SIMLOG:: Cycle         600 PC: 00000018 I: 0000c3fd R: 0   3 0000ffff M: 0 1 0000ffff 00000000
SIMLOG:: Cycle         601 PC: 00000014 I: 00008a00 R: 1  10 00000412 M: 0 1 00000000 00000000
SIMLOG:: Cycle         602 PC: 00000016 I: 00009a00 R: 0  10 00000000 M: 1 0 00000000 00000412
SIMLOG:: Cycle         603 PC: 00000018 I: 0000c3fd R: 0   3 0000ffff M: 0 1 0000ffff 00000000
SIMLOG:: Cycle         604 PC: 00000014 I: 00008a00 R: 1  10 00000412 M: 0 1 00000000 00000000
SIMLOG:: Cycle         605 PC: 00000016 I: 00009a00 R: 0  10 00000000 M: 1 0 00000000 00000412
SIMLOG:: Cycle         606 PC: 00000018 I: 0000c3fd R: 0   3 0000ffff M: 0 1 0000ffff 00000000
SIMLOG:: Cycle         607 PC: 00000014 I: 00008a00 R: 1  10 00000412 M: 0 1 00000000 00000000
SIMLOG:: Cycle         608 PC: 00000016 I: 00009a00 R: 0  10 00000000 M: 1 0 00000000 00000412
SIMLOG:: Cycle         609 PC: 00000018 I: 0000c3fd R: 0   3 0000ffff M: 0 1 0000ffff 00000000
SIMLOG:: Cycle         610 PC: 00000014 I: 00008a00 R: 1  10 00000412 M: 0 1 00000000 00000000
SIMLOG:: Cycle         611 PC: 00000016 I: 00009a00 R: 0  10 00000000 M: 1 0 00000000 00000412
SIMLOG:: Cycle         612 PC: 00000018 I: 0000c3fd R: 0   3 0000ffff M: 0 1 0000ffff 00000000
SIMLOG:: Cycle         613 PC: 00000014 I: 00008a00 R: 1  10 00000412 M: 0 1 00000000 00000000
SIMLOG:: Cycle         614 PC: 00000016 I: 00009a00 R: 0  10 00000000 M: 1 0 00000000 00000412
SIMLOG:: Cycle         615 PC: 00000018 I: 0000c3fd R: 0   3 0000ffff M: 0 1 0000ffff 00000000
SIMLOG:: Cycle         616 PC: 00000014 I: 00008a00 R: 1  10 00000412 M: 0 1 00000000 00000000
SIMLOG:: Cycle         617 PC: 00000016 I: 00009a00 R: 0  10 00000000 M: 1 0 00000000 00000412
SIMLOG:: Cycle         618 PC: 00000018 I: 0000c3fd R: 0   3 0000ffff M: 0 1 0000ffff 00000000
SIMLOG:: Cycle         619 PC: 00000014 I: 00008a00 R: 1  10 00000412 M: 0 1 00000000 00000000
SIMLOG:: Cycle         620 PC: 00000016 I: 00009a00 R: 0  10 00000000 M: 1 0 00000000 00000412
SIMLOG:: Cycle         621 PC: 00000018 I: 0000c3fd R: 0   3 0000ffff M: 0 1 0000ffff 00000000
SIMLOG:: Cycle         622 PC: 00000014 I: 00008a00 R: 1  10 00000412 M: 0 1 00000000 00000000
SIMLOG:: Cycle         623 PC: 00000016 I: 00009a00 R: 0  10 00000000 M: 1 0 00000000 00000412
SIMLOG:: Cycle         624 PC: 00000018 I: 0000c3fd R: 0   3 0000ffff M: 0 1 0000ffff 00000000
SIMLOG:: Cycle         625 PC: 00000014 I: 00008a00 R: 1  10 00000412 M: 0 1 00000000 00000000
SIMLOG:: Cycle         626 PC: 00000016 I: 00009a00 R: 0  10 00000000 M: 1 0 00000000 00000412
SIMLOG:: Cycle         627 PC: 00000018 I: 0000c3fd R: 0   3 0000ffff M: 0 1 0000ffff 00000000
SIMLOG:: Cycle         628 PC: 00000014 I: 00008a00 R: 1  10 00000412 M: 0 1 00000000 00000000
SIMLOG:: Cycle         629 PC: 00000016 I: 00009a00 R: 0  10 00000000 M: 1 0 00000000 00000412
SIMLOG:: Cycle         630 PC: 00000018 I: 0000c3fd R: 0   3 0000ffff M: 0 1 0000ffff 00000000
SIMLOG:: Cycle         631 PC: 00000014 I: 00008a00 R: 1  10 00000412 M: 0 1 00000000 00000000
SIMLOG:: Cycle         632 PC: 00000016 I: 00009a00 R: 0  10 00000000 M: 1 0 00000000 00000412
SIMLOG:: Cycle         633 PC: 00000018 I: 0000c3fd R: 0   3 0000ffff M: 0 1 0000ffff 00000000
SIMLOG:: Cycle         634 PC: 00000014 I: 00008a00 R: 1  10 00000412 M: 0 1 00000000 00000000
SIMLOG:: Cycle         635 PC: 00000016 I: 00009a00 R: 0  10 00000000 M: 1 0 00000000 00000412
SIMLOG:: Cycle         636 PC: 00000018 I: 0000c3fd R: 0   3 0000ffff M: 0 1 0000ffff 00000000
SIMLOG:: Cycle         637 PC: 00000014 I: 00008a00 R: 1  10 00000412 M: 0 1 00000000 00000000
SIMLOG:: Cycle         638 PC: 00000016 I: 00009a00 R: 0  10 00000000 M: 1 0 00000000 00000412
SIMLOG:: Cycle         639 PC: 00000018 I: 0000c3fd R: 0   3 0000ffff M: 0 1 0000ffff 00000000
SIMLOG:: Cycle         640 PC: 00000014 I: 00008a00 R: 1  10 00000412 M: 0 1 00000000 00000000
SIMLOG:: Cycle         641 PC: 00000016 I: 00009a00 R: 0  10 00000000 M: 1 0 00000000 00000412
SIMLOG:: Cycle         642 PC: 00000018 I: 0000c3fd R: 0   3 0000ffff M: 0 1 0000ffff 00000000
SIMLOG:: Cycle         643 PC: 00000014 I: 00008a00 R: 1  10 00000412 M: 0 1 00000000 00000000
SIMLOG:: Cycle         644 PC: 00000016 I: 00009a00 R: 0  10 00000000 M: 1 0 00000000 00000412
SIMLOG:: Cycle         645 PC: 00000018 I: 0000c3fd R: 0   3 0000ffff M: 0 1 0000ffff 00000000
SIMLOG:: Cycle         646 PC: 00000014 I: 00008a00 R: 1  10 00000412 M: 0 1 00000000 00000000
SIMLOG:: Cycle         647 PC: 00000016 I: 00009a00 R: 0  10 00000000 M: 1 0 00000000 00000412
SIMLOG:: Cycle         648 PC: 00000018 I: 0000c3fd R: 0   3 0000ffff M: 0 1 0000ffff 00000000
SIMLOG:: Cycle         649 PC: 00000014 I: 00008a00 R: 1  10 00000412 M: 0 1 00000000 00000000
SIMLOG:: Cycle         650 PC: 00000016 I: 00009a00 R: 0  10 00000000 M: 1 0 00000000 00000412
SIMLOG:: Cycle         651 PC: 00000018 I: 0000c3fd R: 0   3 0000ffff M: 0 1 0000ffff 00000000
SIMLOG:: Cycle         652 PC: 00000014 I: 00008a00 R: 1  10 00000412 M: 0 1 00000000 00000000
SIMLOG:: Cycle         653 PC: 00000016 I: 00009a00 R: 0  10 00000000 M: 1 0 00000000 00000412
SIMLOG:: Cycle         654 PC: 00000018 I: 0000c3fd R: 0   3 0000ffff M: 0 1 0000ffff 00000000
SIMLOG:: Cycle         655 PC: 00000014 I: 00008a00 R: 1  10 00000412 M: 0 1 00000000 00000000
SIMLOG:: Cycle         656 PC: 00000016 I: 00009a00 R: 0  10 00000000 M: 1 0 00000000 00000412
SIMLOG:: Cycle         657 PC: 00000018 I: 0000c3fd R: 0   3 0000ffff M: 0 1 0000ffff 00000000
SIMLOG:: Cycle         658 PC: 00000014 I: 00008a00 R: 1  10 00000412 M: 0 1 00000000 00000000
SIMLOG:: Cycle         659 PC: 00000016 I: 00009a00 R: 0  10 00000000 M: 1 0 00000000 00000412
SIMLOG:: Cycle         660 PC: 00000018 I: 0000c3fd R: 0   3 0000ffff M: 0 1 0000ffff 00000000
SIMLOG:: Cycle         661 PC: 00000014 I: 00008a00 R: 1  10 00000412 M: 0 1 00000000 00000000
SIMLOG:: Cycle         662 PC: 00000016 I: 00009a00 R: 0  10 00000000 M: 1 0 00000000 00000412
SIMLOG:: Cycle         663 PC: 00000018 I: 0000c3fd R: 0   3 0000ffff M: 0 1 0000ffff 00000000
SIMLOG:: Cycle         664 PC: 00000014 I: 00008a00 R: 1  10 00000412 M: 0 1 00000000 00000000
SIMLOG:: Cycle         665 PC: 00000016 I: 00009a00 R: 0  10 00000000 M: 1 0 00000000 00000412
SIMLOG:: Cycle         666 PC: 00000018 I: 0000c3fd R: 0   3 0000ffff M: 0 1 0000ffff 00000000
SIMLOG:: Cycle         667 PC: 00000014 I: 00008a00 R: 1  10 00000412 M: 0 1 00000000 00000000
SIMLOG:: Cycle         668 PC: 00000016 I: 00009a00 R: 0  10 00000000 M: 1 0 00000000 00000412
SIMLOG:: Cycle         669 PC: 00000018 I: 0000c3fd R: 0   3 0000ffff M: 0 1 0000ffff 00000000
SIMLOG:: Cycle         670 PC: 00000014 I: 00008a00 R: 1  10 00000412 M: 0 1 00000000 00000000
SIMLOG:: Cycle         671 PC: 00000016 I: 00009a00 R: 0  10 00000000 M: 1 0 00000000 00000412
SIMLOG:: Cycle         672 PC: 00000018 I: 0000c3fd R: 0   3 0000ffff M: 0 1 0000ffff 00000000
SIMLOG:: Cycle         673 PC: 00000014 I: 00008a00 R: 1  10 00000412 M: 0 1 00000000 00000000
SIMLOG:: Cycle         674 PC: 00000016 I: 00009a00 R: 0  10 00000000 M: 1 0 00000000 00000412
SIMLOG:: Cycle         675 PC: 00000018 I: 0000c3fd R: 0   3 0000ffff M: 0 1 0000ffff 00000000
SIMLOG:: Cycle         676 PC: 00000014 I: 00008a00 R: 1  10 00000412 M: 0 1 00000000 00000000
SIMLOG:: Cycle         677 PC: 00000016 I: 00009a00 R: 0  10 00000000 M: 1 0 00000000 00000412
SIMLOG:: Cycle         678 PC: 00000018 I: 0000c3fd R: 0   3 0000ffff M: 0 1 0000ffff 00000000
SIMLOG:: Cycle         679 PC: 00000014 I: 00008a00 R: 1  10 00000412 M: 0 1 00000000 00000000
SIMLOG:: Cycle         680 PC: 00000016 I: 00009a00 R: 0  10 00000000 M: 1 0 00000000 00000412
SIMLOG:: Cycle         681 PC: 00000018 I: 0000c3fd R: 0   3 0000ffff M: 0 1 0000ffff 00000000
SIMLOG:: Cycle         682 PC: 00000014 I: 00008a00 R: 1  10 00000412 M: 0 1 00000000 00000000
SIMLOG:: Cycle         683 PC: 00000016 I: 00009a00 R: 0  10 00000000 M: 1 0 00000000 00000412
SIMLOG:: Cycle         684 PC: 00000018 I: 0000c3fd R: 0   3 0000ffff M: 0 1 0000ffff 00000000
SIMLOG:: Cycle         685 PC: 00000014 I: 00008a00 R: 1  10 00000412 M: 0 1 00000000 00000000
SIMLOG:: Cycle         686 PC: 00000016 I: 00009a00 R: 0  10 00000000 M: 1 0 00000000 00000412
SIMLOG:: Cycle         687 PC: 00000018 I: 0000c3fd R: 0   3 0000ffff M: 0 1 0000ffff 00000000
SIMLOG:: Cycle         688 PC: 00000014 I: 00008a00 R: 1  10 00000412 M: 0 1 00000000 00000000
SIMLOG:: Cycle         689 PC: 00000016 I: 00009a00 R: 0  10 00000000 M: 1 0 00000000 00000412
SIMLOG:: Cycle         690 PC: 00000018 I: 0000c3fd R: 0   3 0000ffff M: 0 1 0000ffff 00000000
SIMLOG:: Cycle         691 PC: 00000014 I: 00008a00 R: 1  10 00000412 M: 0 1 00000000 00000000
SIMLOG:: Cycle         692 PC: 00000016 I: 00009a00 R: 0  10 00000000 M: 1 0 00000000 00000412
SIMLOG:: Cycle         693 PC: 00000018 I: 0000c3fd R: 0   3 0000ffff M: 0 1 0000ffff 00000000
SIMLOG:: Cycle         694 PC: 00000014 I: 00008a00 R: 1  10 00000412 M: 0 1 00000000 00000000
SIMLOG:: Cycle         695 PC: 00000016 I: 00009a00 R: 0  10 00000000 M: 1 0 00000000 00000412
SIMLOG:: Cycle         696 PC: 00000018 I: 0000c3fd R: 0   3 0000ffff M: 0 1 0000ffff 00000000
SIMLOG:: Cycle         697 PC: 00000014 I: 00008a00 R: 1  10 00000412 M: 0 1 00000000 00000000
SIMLOG:: Cycle         698 PC: 00000016 I: 00009a00 R: 0  10 00000000 M: 1 0 00000000 00000412
SIMLOG:: Cycle         699 PC: 00000018 I: 0000c3fd R: 0   3 0000ffff M: 0 1 0000ffff 00000000
SIMLOG:: Cycle         700 PC: 00000014 I: 00008a00 R: 1  10 00000412 M: 0 1 00000000 00000000
SIMLOG:: Cycle         701 PC: 00000016 I: 00009a00 R: 0  10 00000000 M: 1 0 00000000 00000412
SIMLOG:: Cycle         702 PC: 00000018 I: 0000c3fd R: 0   3 0000ffff M: 0 1 0000ffff 00000000
SIMLOG:: Cycle         703 PC: 00000014 I: 00008a00 R: 1  10 00000412 M: 0 1 00000000 00000000
SIMLOG:: Cycle         704 PC: 00000016 I: 00009a00 R: 0  10 00000000 M: 1 0 00000000 00000412
SIMLOG:: Cycle         705 PC: 00000018 I: 0000c3fd R: 0   3 0000ffff M: 0 1 0000ffff 00000000
SIMLOG:: Cycle         706 PC: 00000014 I: 00008a00 R: 1  10 00000412 M: 0 1 00000000 00000000
SIMLOG:: Cycle         707 PC: 00000016 I: 00009a00 R: 0  10 00000000 M: 1 0 00000000 00000412
SIMLOG:: Cycle         708 PC: 00000018 I: 0000c3fd R: 0   3 0000ffff M: 0 1 0000ffff 00000000
SIMLOG:: Cycle         709 PC: 00000014 I: 00008a00 R: 1  10 00000412 M: 0 1 00000000 00000000
SIMLOG:: Cycle         710 PC: 00000016 I: 00009a00 R: 0  10 00000000 M: 1 0 00000000 00000412
SIMLOG:: Cycle         711 PC: 00000018 I: 0000c3fd R: 0   3 0000ffff M: 0 1 0000ffff 00000000
SIMLOG:: Cycle         712 PC: 00000014 I: 00008a00 R: 1  10 00000412 M: 0 1 00000000 00000000
SIMLOG:: Cycle         713 PC: 00000016 I: 00009a00 R: 0  10 00000000 M: 1 0 00000000 00000412
SIMLOG:: Cycle         714 PC: 00000018 I: 0000c3fd R: 0   3 0000ffff M: 0 1 0000ffff 00000000
SIMLOG:: Cycle         715 PC: 00000014 I: 00008a00 R: 1  10 00000412 M: 0 1 00000000 00000000
SIMLOG:: Cycle         716 PC: 00000016 I: 00009a00 R: 0  10 00000000 M: 1 0 00000000 00000412
SIMLOG:: Cycle         717 PC: 00000018 I: 0000c3fd R: 0   3 0000ffff M: 0 1 0000ffff 00000000
SIMLOG:: Cycle         718 PC: 00000014 I: 00008a00 R: 1  10 00000412 M: 0 1 00000000 00000000
SIMLOG:: Cycle         719 PC: 00000016 I: 00009a00 R: 0  10 00000000 M: 1 0 00000000 00000412
SIMLOG:: Cycle         720 PC: 00000018 I: 0000c3fd R: 0   3 0000ffff M: 0 1 0000ffff 00000000
SIMLOG:: Cycle         721 PC: 00000014 I: 00008a00 R: 1  10 00000412 M: 0 1 00000000 00000000
SIMLOG:: Cycle         722 PC: 00000016 I: 00009a00 R: 0  10 00000000 M: 1 0 00000000 00000412
SIMLOG:: Cycle         723 PC: 00000018 I: 0000c3fd R: 0   3 0000ffff M: 0 1 0000ffff 00000000
SIMLOG:: Cycle         724 PC: 00000014 I: 00008a00 R: 1  10 00000412 M: 0 1 00000000 00000000
SIMLOG:: Cycle         725 PC: 00000016 I: 00009a00 R: 0  10 00000000 M: 1 0 00000000 00000412
SIMLOG:: Cycle         726 PC: 00000018 I: 0000c3fd R: 0   3 0000ffff M: 0 1 0000ffff 00000000
SIMLOG:: Cycle         727 PC: 00000014 I: 00008a00 R: 1  10 00000412 M: 0 1 00000000 00000000
SIMLOG:: Cycle         728 PC: 00000016 I: 00009a00 R: 0  10 00000000 M: 1 0 00000000 00000412
SIMLOG:: Cycle         729 PC: 00000018 I: 0000c3fd R: 0   3 0000ffff M: 0 1 0000ffff 00000000
SIMLOG:: Cycle         730 PC: 00000014 I: 00008a00 R: 1  10 00000412 M: 0 1 00000000 00000000
SIMLOG:: Cycle         731 PC: 00000016 I: 00009a00 R: 0  10 00000000 M: 1 0 00000000 00000412
SIMLOG:: Cycle         732 PC: 00000018 I: 0000c3fd R: 0   3 0000ffff M: 0 1 0000ffff 00000000
SIMLOG:: Cycle         733 PC: 00000014 I: 00008a00 R: 1  10 00000412 M: 0 1 00000000 00000000
SIMLOG:: Cycle         734 PC: 00000016 I: 00009a00 R: 0  10 00000000 M: 1 0 00000000 00000412
SIMLOG:: Cycle         735 PC: 00000018 I: 0000c3fd R: 0   3 0000ffff M: 0 1 0000ffff 00000000
SIMLOG:: Cycle         736 PC: 00000014 I: 00008a00 R: 1  10 00000412 M: 0 1 00000000 00000000
SIMLOG:: Cycle         737 PC: 00000016 I: 00009a00 R: 0  10 00000000 M: 1 0 00000000 00000412
SIMLOG:: Cycle         738 PC: 00000018 I: 0000c3fd R: 0   3 0000ffff M: 0 1 0000ffff 00000000
SIMLOG:: Cycle         739 PC: 00000014 I: 00008a00 R: 1  10 00000412 M: 0 1 00000000 00000000
SIMLOG:: Cycle         740 PC: 00000016 I: 00009a00 R: 0  10 00000000 M: 1 0 00000000 00000412
SIMLOG:: Cycle         741 PC: 00000018 I: 0000c3fd R: 0   3 0000ffff M: 0 1 0000ffff 00000000
SIMLOG:: Cycle         742 PC: 00000014 I: 00008a00 R: 1  10 00000412 M: 0 1 00000000 00000000
SIMLOG:: Cycle         743 PC: 00000016 I: 00009a00 R: 0  10 00000000 M: 1 0 00000000 00000412
SIMLOG:: Cycle         744 PC: 00000018 I: 0000c3fd R: 0   3 0000ffff M: 0 1 0000ffff 00000000
SIMLOG:: Cycle         745 PC: 00000014 I: 00008a00 R: 1  10 00000412 M: 0 1 00000000 00000000
SIMLOG:: Cycle         746 PC: 00000016 I: 00009a00 R: 0  10 00000000 M: 1 0 00000000 00000412
SIMLOG:: Cycle         747 PC: 00000018 I: 0000c3fd R: 0   3 0000ffff M: 0 1 0000ffff 00000000
SIMLOG:: Cycle         748 PC: 00000014 I: 00008a00 R: 1  10 00000412 M: 0 1 00000000 00000000
SIMLOG:: Cycle         749 PC: 00000016 I: 00009a00 R: 0  10 00000000 M: 1 0 00000000 00000412
SIMLOG:: Cycle         750 PC: 00000018 I: 0000c3fd R: 0   3 0000ffff M: 0 1 0000ffff 00000000
SIMLOG:: Cycle         751 PC: 00000014 I: 00008a00 R: 1  10 00000412 M: 0 1 00000000 00000000
SIMLOG:: Cycle         752 PC: 00000016 I: 00009a00 R: 0  10 00000000 M: 1 0 00000000 00000412
SIMLOG:: Cycle         753 PC: 00000018 I: 0000c3fd R: 0   3 0000ffff M: 0 1 0000ffff 00000000
SIMLOG:: Cycle         754 PC: 00000014 I: 00008a00 R: 1  10 00000412 M: 0 1 00000000 00000000
SIMLOG:: Cycle         755 PC: 00000016 I: 00009a00 R: 0  10 00000000 M: 1 0 00000000 00000412
SIMLOG:: Cycle         756 PC: 00000018 I: 0000c3fd R: 0   3 0000ffff M: 0 1 0000ffff 00000000
SIMLOG:: Cycle         757 PC: 00000014 I: 00008a00 R: 1  10 00000412 M: 0 1 00000000 00000000
SIMLOG:: Cycle         758 PC: 00000016 I: 00009a00 R: 0  10 00000000 M: 1 0 00000000 00000412
SIMLOG:: Cycle         759 PC: 00000018 I: 0000c3fd R: 0   3 0000ffff M: 0 1 0000ffff 00000000
SIMLOG:: Cycle         760 PC: 00000014 I: 00008a00 R: 1  10 00000412 M: 0 1 00000000 00000000
SIMLOG:: Cycle         761 PC: 00000016 I: 00009a00 R: 0  10 00000000 M: 1 0 00000000 00000412
SIMLOG:: Cycle         762 PC: 00000018 I: 0000c3fd R: 0   3 0000ffff M: 0 1 0000ffff 00000000
SIMLOG:: Cycle         763 PC: 00000014 I: 00008a00 R: 1  10 00000412 M: 0 1 00000000 00000000
SIMLOG:: Cycle         764 PC: 00000016 I: 00009a00 R: 0  10 00000000 M: 1 0 00000000 00000412
SIMLOG:: Cycle         765 PC: 00000018 I: 0000c3fd R: 0   3 0000ffff M: 0 1 0000ffff 00000000
SIMLOG:: Cycle         766 PC: 00000014 I: 00008a00 R: 1  10 00000412 M: 0 1 00000000 00000000
SIMLOG:: Cycle         767 PC: 00000016 I: 00009a00 R: 0  10 00000000 M: 1 0 00000000 00000412
SIMLOG:: Cycle         768 PC: 00000018 I: 0000c3fd R: 0   3 0000ffff M: 0 1 0000ffff 00000000
SIMLOG:: Cycle         769 PC: 00000014 I: 00008a00 R: 1  10 00000412 M: 0 1 00000000 00000000
SIMLOG:: Cycle         770 PC: 00000016 I: 00009a00 R: 0  10 00000000 M: 1 0 00000000 00000412
SIMLOG:: Cycle         771 PC: 00000018 I: 0000c3fd R: 0   3 0000ffff M: 0 1 0000ffff 00000000
SIMLOG:: Cycle         772 PC: 00000014 I: 00008a00 R: 1  10 00000412 M: 0 1 00000000 00000000
SIMLOG:: Cycle         773 PC: 00000016 I: 00009a00 R: 0  10 00000000 M: 1 0 00000000 00000412
SIMLOG:: Cycle         774 PC: 00000018 I: 0000c3fd R: 0   3 0000ffff M: 0 1 0000ffff 00000000
SIMLOG:: Cycle         775 PC: 00000014 I: 00008a00 R: 1  10 00000412 M: 0 1 00000000 00000000
SIMLOG:: Cycle         776 PC: 00000016 I: 00009a00 R: 0  10 00000000 M: 1 0 00000000 00000412
SIMLOG:: Cycle         777 PC: 00000018 I: 0000c3fd R: 0   3 0000ffff M: 0 1 0000ffff 00000000
SIMLOG:: Cycle         778 PC: 00000014 I: 00008a00 R: 1  10 00000412 M: 0 1 00000000 00000000
SIMLOG:: Cycle         779 PC: 00000016 I: 00009a00 R: 0  10 00000000 M: 1 0 00000000 00000412
SIMLOG:: Cycle         780 PC: 00000018 I: 0000c3fd R: 0   3 0000ffff M: 0 1 0000ffff 00000000
SIMLOG:: Cycle         781 PC: 00000014 I: 00008a00 R: 1  10 00000412 M: 0 1 00000000 00000000
SIMLOG:: Cycle         782 PC: 00000016 I: 00009a00 R: 0  10 00000000 M: 1 0 00000000 00000412
SIMLOG:: Cycle         783 PC: 00000018 I: 0000c3fd R: 0   3 0000ffff M: 0 1 0000ffff 00000000
SIMLOG:: Cycle         784 PC: 00000014 I: 00008a00 R: 1  10 00000412 M: 0 1 00000000 00000000
SIMLOG:: Cycle         785 PC: 00000016 I: 00009a00 R: 0  10 00000000 M: 1 0 00000000 00000412
SIMLOG:: Cycle         786 PC: 00000018 I: 0000c3fd R: 0   3 0000ffff M: 0 1 0000ffff 00000000
SIMLOG:: Cycle         787 PC: 00000014 I: 00008a00 R: 1  10 00000412 M: 0 1 00000000 00000000
SIMLOG:: Cycle         788 PC: 00000016 I: 00009a00 R: 0  10 00000000 M: 1 0 00000000 00000412
SIMLOG:: Cycle         789 PC: 00000018 I: 0000c3fd R: 0   3 0000ffff M: 0 1 0000ffff 00000000
SIMLOG:: Cycle         790 PC: 00000014 I: 00008a00 R: 1  10 00000412 M: 0 1 00000000 00000000
SIMLOG:: Cycle         791 PC: 00000016 I: 00009a00 R: 0  10 00000000 M: 1 0 00000000 00000412
SIMLOG:: Cycle         792 PC: 00000018 I: 0000c3fd R: 0   3 0000ffff M: 0 1 0000ffff 00000000
SIMLOG:: Cycle         793 PC: 00000014 I: 00008a00 R: 1  10 00000412 M: 0 1 00000000 00000000
SIMLOG:: Cycle         794 PC: 00000016 I: 00009a00 R: 0  10 00000000 M: 1 0 00000000 00000412
SIMLOG:: Cycle         795 PC: 00000018 I: 0000c3fd R: 0   3 0000ffff M: 0 1 0000ffff 00000000
SIMLOG:: Cycle         796 PC: 00000014 I: 00008a00 R: 1  10 00000412 M: 0 1 00000000 00000000
SIMLOG:: Cycle         797 PC: 00000016 I: 00009a00 R: 0  10 00000000 M: 1 0 00000000 00000412
SIMLOG:: Cycle         798 PC: 00000018 I: 0000c3fd R: 0   3 0000ffff M: 0 1 0000ffff 00000000
SIMLOG:: Cycle         799 PC: 00000014 I: 00008a00 R: 1  10 00000412 M: 0 1 00000000 00000000
SIMLOG:: Cycle         800 PC: 00000016 I: 00009a00 R: 0  10 00000000 M: 1 0 00000000 00000412
SIMLOG:: Cycle         801 PC: 00000018 I: 0000c3fd R: 0   3 0000ffff M: 0 1 0000ffff 00000000
SIMLOG:: Cycle         802 PC: 00000014 I: 00008a00 R: 1  10 00000412 M: 0 1 00000000 00000000
SIMLOG:: Cycle         803 PC: 00000016 I: 00009a00 R: 0  10 00000000 M: 1 0 00000000 00000412
SIMLOG:: Cycle         804 PC: 00000018 I: 0000c3fd R: 0   3 0000ffff M: 0 1 0000ffff 00000000
SIMLOG:: Cycle         805 PC: 00000014 I: 00008a00 R: 1  10 00000412 M: 0 1 00000000 00000000
SIMLOG:: Cycle         806 PC: 00000016 I: 00009a00 R: 0  10 00000000 M: 1 0 00000000 00000412
SIMLOG:: Cycle         807 PC: 00000018 I: 0000c3fd R: 0   3 0000ffff M: 0 1 0000ffff 00000000
SIMLOG:: Cycle         808 PC: 00000014 I: 00008a00 R: 1  10 00000412 M: 0 1 00000000 00000000
SIMLOG:: Cycle         809 PC: 00000016 I: 00009a00 R: 0  10 00000000 M: 1 0 00000000 00000412
SIMLOG:: Cycle         810 PC: 00000018 I: 0000c3fd R: 0   3 0000ffff M: 0 1 0000ffff 00000000
SIMLOG:: Cycle         811 PC: 00000014 I: 00008a00 R: 1  10 00000412 M: 0 1 00000000 00000000
SIMLOG:: Cycle         812 PC: 00000016 I: 00009a00 R: 0  10 00000000 M: 1 0 00000000 00000412
SIMLOG:: Cycle         813 PC: 00000018 I: 0000c3fd R: 0   3 0000ffff M: 0 1 0000ffff 00000000
SIMLOG:: Cycle         814 PC: 00000014 I: 00008a00 R: 1  10 00000412 M: 0 1 00000000 00000000
SIMLOG:: Cycle         815 PC: 00000016 I: 00009a00 R: 0  10 00000000 M: 1 0 00000000 00000412
SIMLOG:: Cycle         816 PC: 00000018 I: 0000c3fd R: 0   3 0000ffff M: 0 1 0000ffff 00000000
SIMLOG:: Cycle         817 PC: 00000014 I: 00008a00 R: 1  10 00000412 M: 0 1 00000000 00000000
SIMLOG:: Cycle         818 PC: 00000016 I: 00009a00 R: 0  10 00000000 M: 1 0 00000000 00000412
SIMLOG:: Cycle         819 PC: 00000018 I: 0000c3fd R: 0   3 0000ffff M: 0 1 0000ffff 00000000
SIMLOG:: Cycle         820 PC: 00000014 I: 00008a00 R: 1  10 00000412 M: 0 1 00000000 00000000
SIMLOG:: Cycle         821 PC: 00000016 I: 00009a00 R: 0  10 00000000 M: 1 0 00000000 00000412
SIMLOG:: Cycle         822 PC: 00000018 I: 0000c3fd R: 0   3 0000ffff M: 0 1 0000ffff 00000000
SIMLOG:: Cycle         823 PC: 00000014 I: 00008a00 R: 1  10 00000412 M: 0 1 00000000 00000000
SIMLOG:: Cycle         824 PC: 00000016 I: 00009a00 R: 0  10 00000000 M: 1 0 00000000 00000412
SIMLOG:: Cycle         825 PC: 00000018 I: 0000c3fd R: 0   3 0000ffff M: 0 1 0000ffff 00000000
SIMLOG:: Cycle         826 PC: 00000014 I: 00008a00 R: 1  10 00000412 M: 0 1 00000000 00000000
SIMLOG:: Cycle         827 PC: 00000016 I: 00009a00 R: 0  10 00000000 M: 1 0 00000000 00000412
SIMLOG:: Cycle         828 PC: 00000018 I: 0000c3fd R: 0   3 0000ffff M: 0 1 0000ffff 00000000
SIMLOG:: Cycle         829 PC: 00000014 I: 00008a00 R: 1  10 00000412 M: 0 1 00000000 00000000
SIMLOG:: Cycle         830 PC: 00000016 I: 00009a00 R: 0  10 00000000 M: 1 0 00000000 00000412
SIMLOG:: Cycle         831 PC: 00000018 I: 0000c3fd R: 0   3 0000ffff M: 0 1 0000ffff 00000000
SIMLOG:: Cycle         832 PC: 00000014 I: 00008a00 R: 1  10 00000412 M: 0 1 00000000 00000000
SIMLOG:: Cycle         833 PC: 00000016 I: 00009a00 R: 0  10 00000000 M: 1 0 00000000 00000412
SIMLOG:: Cycle         834 PC: 00000018 I: 0000c3fd R: 0   3 0000ffff M: 0 1 0000ffff 00000000
SIMLOG:: Cycle         835 PC: 00000014 I: 00008a00 R: 1  10 00000412 M: 0 1 00000000 00000000
SIMLOG:: Cycle         836 PC: 00000016 I: 00009a00 R: 0  10 00000000 M: 1 0 00000000 00000412
SIMLOG:: Cycle         837 PC: 00000018 I: 0000c3fd R: 0   3 0000ffff M: 0 1 0000ffff 00000000
SIMLOG:: Cycle         838 PC: 00000014 I: 00008a00 R: 1  10 00000412 M: 0 1 00000000 00000000
SIMLOG:: Cycle         839 PC: 00000016 I: 00009a00 R: 0  10 00000000 M: 1 0 00000000 00000412
SIMLOG:: Cycle         840 PC: 00000018 I: 0000c3fd R: 0   3 0000ffff M: 0 1 0000ffff 00000000
SIMLOG:: Cycle         841 PC: 00000014 I: 00008a00 R: 1  10 00000412 M: 0 1 00000000 00000000
SIMLOG:: Cycle         842 PC: 00000016 I: 00009a00 R: 0  10 00000000 M: 1 0 00000000 00000412
SIMLOG:: Cycle         843 PC: 00000018 I: 0000c3fd R: 0   3 0000ffff M: 0 1 0000ffff 00000000
SIMLOG:: Cycle         844 PC: 00000014 I: 00008a00 R: 1  10 00000412 M: 0 1 00000000 00000000
SIMLOG:: Cycle         845 PC: 00000016 I: 00009a00 R: 0  10 00000000 M: 1 0 00000000 00000412
SIMLOG:: Cycle         846 PC: 00000018 I: 0000c3fd R: 0   3 0000ffff M: 0 1 0000ffff 00000000
SIMLOG:: Cycle         847 PC: 00000014 I: 00008a00 R: 1  10 00000412 M: 0 1 00000000 00000000
SIMLOG:: Cycle         848 PC: 00000016 I: 00009a00 R: 0  10 00000000 M: 1 0 00000000 00000412
SIMLOG:: Cycle         849 PC: 00000018 I: 0000c3fd R: 0   3 0000ffff M: 0 1 0000ffff 00000000
SIMLOG:: Cycle         850 PC: 00000014 I: 00008a00 R: 1  10 00000412 M: 0 1 00000000 00000000
SIMLOG:: Cycle         851 PC: 00000016 I: 00009a00 R: 0  10 00000000 M: 1 0 00000000 00000412
SIMLOG:: Cycle         852 PC: 00000018 I: 0000c3fd R: 0   3 0000ffff M: 0 1 0000ffff 00000000
SIMLOG:: Cycle         853 PC: 00000014 I: 00008a00 R: 1  10 00000412 M: 0 1 00000000 00000000
SIMLOG:: Cycle         854 PC: 00000016 I: 00009a00 R: 0  10 00000000 M: 1 0 00000000 00000412
SIMLOG:: Cycle         855 PC: 00000018 I: 0000c3fd R: 0   3 0000ffff M: 0 1 0000ffff 00000000
SIMLOG:: Cycle         856 PC: 00000014 I: 00008a00 R: 1  10 00000412 M: 0 1 00000000 00000000
SIMLOG:: Cycle         857 PC: 00000016 I: 00009a00 R: 0  10 00000000 M: 1 0 00000000 00000412
SIMLOG:: Cycle         858 PC: 00000018 I: 0000c3fd R: 0   3 0000ffff M: 0 1 0000ffff 00000000
SIMLOG:: Cycle         859 PC: 00000014 I: 00008a00 R: 1  10 00000412 M: 0 1 00000000 00000000
SIMLOG:: Cycle         860 PC: 00000016 I: 00009a00 R: 0  10 00000000 M: 1 0 00000000 00000412
SIMLOG:: Cycle         861 PC: 00000018 I: 0000c3fd R: 0   3 0000ffff M: 0 1 0000ffff 00000000
SIMLOG:: Cycle         862 PC: 00000014 I: 00008a00 R: 1  10 00000412 M: 0 1 00000000 00000000
SIMLOG:: Cycle         863 PC: 00000016 I: 00009a00 R: 0  10 00000000 M: 1 0 00000000 00000412
SIMLOG:: Cycle         864 PC: 00000018 I: 0000c3fd R: 0   3 0000ffff M: 0 1 0000ffff 00000000
SIMLOG:: Cycle         865 PC: 00000014 I: 00008a00 R: 1  10 00000412 M: 0 1 00000000 00000000
SIMLOG:: Cycle         866 PC: 00000016 I: 00009a00 R: 0  10 00000000 M: 1 0 00000000 00000412
SIMLOG:: Cycle         867 PC: 00000018 I: 0000c3fd R: 0   3 0000ffff M: 0 1 0000ffff 00000000
SIMLOG:: Cycle         868 PC: 00000014 I: 00008a00 R: 1  10 00000412 M: 0 1 00000000 00000000
SIMLOG:: Cycle         869 PC: 00000016 I: 00009a00 R: 0  10 00000000 M: 1 0 00000000 00000412
SIMLOG:: Cycle         870 PC: 00000018 I: 0000c3fd R: 0   3 0000ffff M: 0 1 0000ffff 00000000
SIMLOG:: Cycle         871 PC: 00000014 I: 00008a00 R: 1  10 00000412 M: 0 1 00000000 00000000
SIMLOG:: Cycle         872 PC: 00000016 I: 00009a00 R: 0  10 00000000 M: 1 0 00000000 00000412
SIMLOG:: Cycle         873 PC: 00000018 I: 0000c3fd R: 0   3 0000ffff M: 0 1 0000ffff 00000000
SIMLOG:: Cycle         874 PC: 00000014 I: 00008a00 R: 1  10 00000412 M: 0 1 00000000 00000000
SIMLOG:: Cycle         875 PC: 00000016 I: 00009a00 R: 0  10 00000000 M: 1 0 00000000 00000412
SIMLOG:: Cycle         876 PC: 00000018 I: 0000c3fd R: 0   3 0000ffff M: 0 1 0000ffff 00000000
SIMLOG:: Cycle         877 PC: 00000014 I: 00008a00 R: 1  10 00000412 M: 0 1 00000000 00000000
SIMLOG:: Cycle         878 PC: 00000016 I: 00009a00 R: 0  10 00000000 M: 1 0 00000000 00000412
SIMLOG:: Cycle         879 PC: 00000018 I: 0000c3fd R: 0   3 0000ffff M: 0 1 0000ffff 00000000
SIMLOG:: Cycle         880 PC: 00000014 I: 00008a00 R: 1  10 00000412 M: 0 1 00000000 00000000
SIMLOG:: Cycle         881 PC: 00000016 I: 00009a00 R: 0  10 00000000 M: 1 0 00000000 00000412
SIMLOG:: Cycle         882 PC: 00000018 I: 0000c3fd R: 0   3 0000ffff M: 0 1 0000ffff 00000000
SIMLOG:: Cycle         883 PC: 00000014 I: 00008a00 R: 1  10 00000412 M: 0 1 00000000 00000000
SIMLOG:: Cycle         884 PC: 00000016 I: 00009a00 R: 0  10 00000000 M: 1 0 00000000 00000412
SIMLOG:: Cycle         885 PC: 00000018 I: 0000c3fd R: 0   3 0000ffff M: 0 1 0000ffff 00000000
SIMLOG:: Cycle         886 PC: 00000014 I: 00008a00 R: 1  10 00000412 M: 0 1 00000000 00000000
SIMLOG:: Cycle         887 PC: 00000016 I: 00009a00 R: 0  10 00000000 M: 1 0 00000000 00000412
SIMLOG:: Cycle         888 PC: 00000018 I: 0000c3fd R: 0   3 0000ffff M: 0 1 0000ffff 00000000
SIMLOG:: Cycle         889 PC: 00000014 I: 00008a00 R: 1  10 00000412 M: 0 1 00000000 00000000
SIMLOG:: Cycle         890 PC: 00000016 I: 00009a00 R: 0  10 00000000 M: 1 0 00000000 00000412
