INUM:        0 PC: 0x0000 REG:  4 VALUE: 0x0000
INUM:        1 PC: 0x0002 REG:  1 VALUE: 0x0000
INUM:        2 PC: 0x0004 REG:  5 VALUE: 0x0000
INUM:        3 PC: 0x0006 REG:  6 VALUE: 0x0000
INUM:        4 PC: 0x0008 REG:  7 VALUE: 0x0000
INUM:        5 PC: 0x000a REG:  1 VALUE: 0x2400
INUM:        6 PC: 0x000c REG:  2 VALUE: 0x0058
INUM:        7 PC: 0x000e REG:  5 VALUE: 0x0000
INUM:        8 PC: 0x0010 REG:  6 VALUE: 0x0000
INUM:        9 PC: 0x0012 REG:  6 VALUE: 0x0000
INUM:       10 PC: 0x0014 REG: 10 VALUE: 0x0412
INUM:       11 PC: 0x0016
INUM:       12 PC: 0x0018 ADDR: 0xffff VALUE: 0x0000
INUM:       13 PC: 0x0014 REG: 10 VALUE: 0x0412
INUM:       14 PC: 0x0016
INUM:       15 PC: 0x0018 ADDR: 0xffff VALUE: 0x0000
INUM:       16 PC: 0x0014 REG: 10 VALUE: 0x0412
INUM:       17 PC: 0x0016
INUM:       18 PC: 0x0018 ADDR: 0xffff VALUE: 0x0000
INUM:       19 PC: 0x0014 REG: 10 VALUE: 0x0412
INUM:       20 PC: 0x0016
INUM:       21 PC: 0x0018 ADDR: 0xffff VALUE: 0x0000
INUM:       22 PC: 0x0014 REG: 10 VALUE: 0x0412
INUM:       23 PC: 0x0016
INUM:       24 PC: 0x0018 ADDR: 0xffff VALUE: 0x0000
INUM:       25 PC: 0x0014 REG: 10 VALUE: 0x0412
INUM:       26 PC: 0x0016
INUM:       27 PC: 0x0018 ADDR: 0xffff VALUE: 0x0000
INUM:       28 PC: 0x0014 REG: 10 VALUE: 0x0412
INUM:       29 PC: 0x0016
INUM:       30 PC: 0x0018 ADDR: 0xffff VALUE: 0x0000
INUM:       31 PC: 0x0014 REG: 10 VALUE: 0x0412
INUM:       32 PC: 0x0016
INUM:       33 PC: 0x0018 ADDR: 0xffff VALUE: 0x0000
INUM:       34 PC: 0x0014 REG: 10 VALUE: 0x0412
INUM:       35 PC: 0x0016
INUM:       36 PC: 0x0018 ADDR: 0xffff VALUE: 0x0000
INUM:       37 PC: 0x0014 REG: 10 VALUE: 0x0412
INUM:       38 PC: 0x0016
INUM:       39 PC: 0x0018 ADDR: 0xffff VALUE: 0x0000
INUM:       40 PC: 0x0014 REG: 10 VALUE: 0x0412
INUM:       41 PC: 0x0016
INUM:       42 PC: 0x0018 ADDR: 0xffff VALUE: 0x0000
INUM:       43 PC: 0x0014 REG: 10 VALUE: 0x0412
INUM:       44 PC: 0x0016
INUM:       45 PC: 0x0018 ADDR: 0xffff VALUE: 0x0000
INUM:       46 PC: 0x0014 REG: 10 VALUE: 0x0412
INUM:       47 PC: 0x0016
INUM:       48 PC: 0x0018 ADDR: 0xffff VALUE: 0x0000
INUM:       49 PC: 0x0014 REG: 10 VALUE: 0x0412
INUM:       50 PC: 0x0016
INUM:       51 PC: 0x0018 ADDR: 0xffff VALUE: 0x0000
INUM:       52 PC: 0x0014 REG: 10 VALUE: 0x0412
INUM:       53 PC: 0x0016
INUM:       54 PC: 0x0018 ADDR: 0xffff VALUE: 0x0000
INUM:       55 PC: 0x0014 REG: 10 VALUE: 0x0412
INUM:       56 PC: 0x0016
INUM:       57 PC: 0x0018 ADDR: 0xffff VALUE: 0x0000
INUM:       58 PC: 0x0014 REG: 10 VALUE: 0x0412
INUM:       59 PC: 0x0016
INUM:       60 PC: 0x0018 ADDR: 0xffff VALUE: 0x0000
INUM:       61 PC: 0x0014 REG: 10 VALUE: 0x0412
INUM:       62 PC: 0x0016
INUM:       63 PC: 0x0018 ADDR: 0xffff VALUE: 0x0000
INUM:       64 PC: 0x0014 REG: 10 VALUE: 0x0412
INUM:       65 PC: 0x0016
INUM:       66 PC: 0x0018 ADDR: 0xffff VALUE: 0x0000
INUM:       67 PC: 0x0014 REG: 10 VALUE: 0x0412
INUM:       68 PC: 0x0016
INUM:       69 PC: 0x0018 ADDR: 0xffff VALUE: 0x0000
INUM:       70 PC: 0x0014 REG: 10 VALUE: 0x0412
INUM:       71 PC: 0x0016
INUM:       72 PC: 0x0018 ADDR: 0xffff VALUE: 0x0000
INUM:       73 PC: 0x0014 REG: 10 VALUE: 0x0412
INUM:       74 PC: 0x0016
INUM:       75 PC: 0x0018 ADDR: 0xffff VALUE: 0x0000
INUM:       76 PC: 0x0014 REG: 10 VALUE: 0x0412
INUM:       77 PC: 0x0016
INUM:       78 PC: 0x0018 ADDR: 0xffff VALUE: 0x0000
INUM:       79 PC: 0x0014 REG: 10 VALUE: 0x0412
INUM:       80 PC: 0x0016
INUM:       81 PC: 0x0018 ADDR: 0xffff VALUE: 0x0000
INUM:       82 PC: 0x0014 REG: 10 VALUE: 0x0412
INUM:       83 PC: 0x0016
INUM:       84 PC: 0x0018 ADDR: 0xffff VALUE: 0x0000
INUM:       85 PC: 0x0014 REG: 10 VALUE: 0x0412
INUM:       86 PC: 0x0016
INUM:       87 PC: 0x0018 ADDR: 0xffff VALUE: 0x0000
INUM:       88 PC: 0x0014 REG: 10 VALUE: 0x0412
INUM:       89 PC: 0x0016
INUM:       90 PC: 0x0018 ADDR: 0xffff VALUE: 0x0000
INUM:       91 PC: 0x0014 REG: 10 VALUE: 0x0412
INUM:       92 PC: 0x0016
INUM:       93 PC: 0x0018 ADDR: 0xffff VALUE: 0x0000
INUM:       94 PC: 0x0014 REG: 10 VALUE: 0x0412
INUM:       95 PC: 0x0016
INUM:       96 PC: 0x0018 ADDR: 0xffff VALUE: 0x0000
INUM:       97 PC: 0x0014 REG: 10 VALUE: 0x0412
INUM:       98 PC: 0x0016
INUM:       99 PC: 0x0018 ADDR: 0xffff VALUE: 0x0000
INUM:      100 PC: 0x0014 REG: 10 VALUE: 0x0412
INUM:      101 PC: 0x0016
INUM:      102 PC: 0x0018 ADDR: 0xffff VALUE: 0x0000
INUM:      103 PC: 0x0014 REG: 10 VALUE: 0x0412
INUM:      104 PC: 0x0016
INUM:      105 PC: 0x0018 ADDR: 0xffff VALUE: 0x0000
INUM:      106 PC: 0x0014 REG: 10 VALUE: 0x0412
INUM:      107 PC: 0x0016
INUM:      108 PC: 0x0018 ADDR: 0xffff VALUE: 0x0000
INUM:      109 PC: 0x0014 REG: 10 VALUE: 0x0412
INUM:      110 PC: 0x0016
INUM:      111 PC: 0x0018 ADDR: 0xffff VALUE: 0x0000
INUM:      112 PC: 0x0014 REG: 10 VALUE: 0x0412
INUM:      113 PC: 0x0016
INUM:      114 PC: 0x0018 ADDR: 0xffff VALUE: 0x0000
INUM:      115 PC: 0x0014 REG: 10 VALUE: 0x0412
INUM:      116 PC: 0x0016
INUM:      117 PC: 0x0018 ADDR: 0xffff VALUE: 0x0000
INUM:      118 PC: 0x0014 REG: 10 VALUE: 0x0412
INUM:      119 PC: 0x0016
INUM:      120 PC: 0x0018 ADDR: 0xffff VALUE: 0x0000
INUM:      121 PC: 0x0014 REG: 10 VALUE: 0x0412
INUM:      122 PC: 0x0016
INUM:      123 PC: 0x0018 ADDR: 0xffff VALUE: 0x0000
INUM:      124 PC: 0x0014 REG: 10 VALUE: 0x0412
INUM:      125 PC: 0x0016
INUM:      126 PC: 0x0018 ADDR: 0xffff VALUE: 0x0000
INUM:      127 PC: 0x0014 REG: 10 VALUE: 0x0412
INUM:      128 PC: 0x0016
INUM:      129 PC: 0x0018 ADDR: 0xffff VALUE: 0x0000
INUM:      130 PC: 0x0014 REG: 10 VALUE: 0x0412
INUM:      131 PC: 0x0016
INUM:      132 PC: 0x0018 ADDR: 0xffff VALUE: 0x0000
INUM:      133 PC: 0x0014 REG: 10 VALUE: 0x0412
INUM:      134 PC: 0x0016
INUM:      135 PC: 0x0018 ADDR: 0xffff VALUE: 0x0000
INUM:      136 PC: 0x0014 REG: 10 VALUE: 0x0412
INUM:      137 PC: 0x0016
INUM:      138 PC: 0x0018 ADDR: 0xffff VALUE: 0x0000
INUM:      139 PC: 0x0014 REG: 10 VALUE: 0x0412
INUM:      140 PC: 0x0016
INUM:      141 PC: 0x0018 ADDR: 0xffff VALUE: 0x0000
INUM:      142 PC: 0x0014 REG: 10 VALUE: 0x0412
INUM:      143 PC: 0x0016
INUM:      144 PC: 0x0018 ADDR: 0xffff VALUE: 0x0000
INUM:      145 PC: 0x0014 REG: 10 VALUE: 0x0412
INUM:      146 PC: 0x0016
INUM:      147 PC: 0x0018 ADDR: 0xffff VALUE: 0x0000
INUM:      148 PC: 0x0014 REG: 10 VALUE: 0x0412
INUM:      149 PC: 0x0016
INUM:      150 PC: 0x0018 ADDR: 0xffff VALUE: 0x0000
INUM:      151 PC: 0x0014 REG: 10 VALUE: 0x0412
INUM:      152 PC: 0x0016
INUM:      153 PC: 0x0018 ADDR: 0xffff VALUE: 0x0000
INUM:      154 PC: 0x0014 REG: 10 VALUE: 0x0412
INUM:      155 PC: 0x0016
INUM:      156 PC: 0x0018 ADDR: 0xffff VALUE: 0x0000
INUM:      157 PC: 0x0014 REG: 10 VALUE: 0x0412
INUM:      158 PC: 0x0016
INUM:      159 PC: 0x0018 ADDR: 0xffff VALUE: 0x0000
INUM:      160 PC: 0x0014 REG: 10 VALUE: 0x0412
INUM:      161 PC: 0x0016
INUM:      162 PC: 0x0018 ADDR: 0xffff VALUE: 0x0000
INUM:      163 PC: 0x0014 REG: 10 VALUE: 0x0412
INUM:      164 PC: 0x0016
INUM:      165 PC: 0x0018 ADDR: 0xffff VALUE: 0x0000
INUM:      166 PC: 0x0014 REG: 10 VALUE: 0x0412
INUM:      167 PC: 0x0016
INUM:      168 PC: 0x0018 ADDR: 0xffff VALUE: 0x0000
INUM:      169 PC: 0x0014 REG: 10 VALUE: 0x0412
INUM:      170 PC: 0x0016
INUM:      171 PC: 0x0018 ADDR: 0xffff VALUE: 0x0000
INUM:      172 PC: 0x0014 REG: 10 VALUE: 0x0412
INUM:      173 PC: 0x0016
INUM:      174 PC: 0x0018 ADDR: 0xffff VALUE: 0x0000
INUM:      175 PC: 0x0014 REG: 10 VALUE: 0x0412
INUM:      176 PC: 0x0016
INUM:      177 PC: 0x0018 ADDR: 0xffff VALUE: 0x0000
INUM:      178 PC: 0x0014 REG: 10 VALUE: 0x0412
INUM:      179 PC: 0x0016
INUM:      180 PC: 0x0018 ADDR: 0xffff VALUE: 0x0000
INUM:      181 PC: 0x0014 REG: 10 VALUE: 0x0412
INUM:      182 PC: 0x0016
INUM:      183 PC: 0x0018 ADDR: 0xffff VALUE: 0x0000
INUM:      184 PC: 0x0014 REG: 10 VALUE: 0x0412
INUM:      185 PC: 0x0016
INUM:      186 PC: 0x0018 ADDR: 0xffff VALUE: 0x0000
INUM:      187 PC: 0x0014 REG: 10 VALUE: 0x0412
INUM:      188 PC: 0x0016
INUM:      189 PC: 0x0018 ADDR: 0xffff VALUE: 0x0000
INUM:      190 PC: 0x0014 REG: 10 VALUE: 0x0412
INUM:      191 PC: 0x0016
INUM:      192 PC: 0x0018 ADDR: 0xffff VALUE: 0x0000
INUM:      193 PC: 0x0014 REG: 10 VALUE: 0x0412
INUM:      194 PC: 0x0016
INUM:      195 PC: 0x0018 ADDR: 0xffff VALUE: 0x0000
INUM:      196 PC: 0x0014 REG: 10 VALUE: 0x0412
INUM:      197 PC: 0x0016
INUM:      198 PC: 0x0018 ADDR: 0xffff VALUE: 0x0000
INUM:      199 PC: 0x0014 REG: 10 VALUE: 0x0412
INUM:      200 PC: 0x0016
INUM:      201 PC: 0x0018 ADDR: 0xffff VALUE: 0x0000
INUM:      202 PC: 0x0014 REG: 10 VALUE: 0x0412
INUM:      203 PC: 0x0016
INUM:      204 PC: 0x0018 ADDR: 0xffff VALUE: 0x0000
INUM:      205 PC: 0x0014 REG: 10 VALUE: 0x0412
INUM:      206 PC: 0x0016
INUM:      207 PC: 0x0018 ADDR: 0xffff VALUE: 0x0000
INUM:      208 PC: 0x0014 REG: 10 VALUE: 0x0412
INUM:      209 PC: 0x0016
INUM:      210 PC: 0x0018 ADDR: 0xffff VALUE: 0x0000
INUM:      211 PC: 0x0014 REG: 10 VALUE: 0x0412
INUM:      212 PC: 0x0016
INUM:      213 PC: 0x0018 ADDR: 0xffff VALUE: 0x0000
INUM:      214 PC: 0x0014 REG: 10 VALUE: 0x0412
INUM:      215 PC: 0x0016
INUM:      216 PC: 0x0018 ADDR: 0xffff VALUE: 0x0000
INUM:      217 PC: 0x0014 REG: 10 VALUE: 0x0412
INUM:      218 PC: 0x0016
INUM:      219 PC: 0x0018 ADDR: 0xffff VALUE: 0x0000
INUM:      220 PC: 0x0014 REG: 10 VALUE: 0x0412
INUM:      221 PC: 0x0016
INUM:      222 PC: 0x0018 ADDR: 0xffff VALUE: 0x0000
INUM:      223 PC: 0x0014 REG: 10 VALUE: 0x0412
INUM:      224 PC: 0x0016
INUM:      225 PC: 0x0018 ADDR: 0xffff VALUE: 0x0000
INUM:      226 PC: 0x0014 REG: 10 VALUE: 0x0412
INUM:      227 PC: 0x0016
INUM:      228 PC: 0x0018 ADDR: 0xffff VALUE: 0x0000
INUM:      229 PC: 0x0014 REG: 10 VALUE: 0x0412
INUM:      230 PC: 0x0016
INUM:      231 PC: 0x0018 ADDR: 0xffff VALUE: 0x0000
INUM:      232 PC: 0x0014 REG: 10 VALUE: 0x0412
INUM:      233 PC: 0x0016
INUM:      234 PC: 0x0018 ADDR: 0xffff VALUE: 0x0000
INUM:      235 PC: 0x0014 REG: 10 VALUE: 0x0412
INUM:      236 PC: 0x0016
INUM:      237 PC: 0x0018 ADDR: 0xffff VALUE: 0x0000
INUM:      238 PC: 0x0014 REG: 10 VALUE: 0x0412
INUM:      239 PC: 0x0016
INUM:      240 PC: 0x0018 ADDR: 0xffff VALUE: 0x0000
INUM:      241 PC: 0x0014 REG: 10 VALUE: 0x0412
INUM:      242 PC: 0x0016
INUM:      243 PC: 0x0018 ADDR: 0xffff VALUE: 0x0000
INUM:      244 PC: 0x0014 REG: 10 VALUE: 0x0412
INUM:      245 PC: 0x0016
INUM:      246 PC: 0x0018 ADDR: 0xffff VALUE: 0x0000
INUM:      247 PC: 0x0014 REG: 10 VALUE: 0x0412
INUM:      248 PC: 0x0016
INUM:      249 PC: 0x0018 ADDR: 0xffff VALUE: 0x0000
INUM:      250 PC: 0x0014 REG: 10 VALUE: 0x0412
INUM:      251 PC: 0x0016
INUM:      252 PC: 0x0018 ADDR: 0xffff VALUE: 0x0000
INUM:      253 PC: 0x0014 REG: 10 VALUE: 0x0412
INUM:      254 PC: 0x0016
INUM:      255 PC: 0x0018 ADDR: 0xffff VALUE: 0x0000
INUM:      256 PC: 0x0014 REG: 10 VALUE: 0x0412
INUM:      257 PC: 0x0016
INUM:      258 PC: 0x0018 ADDR: 0xffff VALUE: 0x0000
INUM:      259 PC: 0x0014 REG: 10 VALUE: 0x0412
INUM:      260 PC: 0x0016
INUM:      261 PC: 0x0018 ADDR: 0xffff VALUE: 0x0000
INUM:      262 PC: 0x0014 REG: 10 VALUE: 0x0412
INUM:      263 PC: 0x0016
INUM:      264 PC: 0x0018 ADDR: 0xffff VALUE: 0x0000
INUM:      265 PC: 0x0014 REG: 10 VALUE: 0x0412
INUM:      266 PC: 0x0016
INUM:      267 PC: 0x0018 ADDR: 0xffff VALUE: 0x0000
INUM:      268 PC: 0x0014 REG: 10 VALUE: 0x0412
INUM:      269 PC: 0x0016
INUM:      270 PC: 0x0018 ADDR: 0xffff VALUE: 0x0000
INUM:      271 PC: 0x0014 REG: 10 VALUE: 0x0412
INUM:      272 PC: 0x0016
INUM:      273 PC: 0x0018 ADDR: 0xffff VALUE: 0x0000
INUM:      274 PC: 0x0014 REG: 10 VALUE: 0x0412
INUM:      275 PC: 0x0016
INUM:      276 PC: 0x0018 ADDR: 0xffff VALUE: 0x0000
INUM:      277 PC: 0x0014 REG: 10 VALUE: 0x0412
INUM:      278 PC: 0x0016
INUM:      279 PC: 0x0018 ADDR: 0xffff VALUE: 0x0000
INUM:      280 PC: 0x0014 REG: 10 VALUE: 0x0412
INUM:      281 PC: 0x0016
INUM:      282 PC: 0x0018 ADDR: 0xffff VALUE: 0x0000
INUM:      283 PC: 0x0014 REG: 10 VALUE: 0x0412
INUM:      284 PC: 0x0016
INUM:      285 PC: 0x0018 ADDR: 0xffff VALUE: 0x0000
INUM:      286 PC: 0x0014 REG: 10 VALUE: 0x0412
INUM:      287 PC: 0x0016
INUM:      288 PC: 0x0018 ADDR: 0xffff VALUE: 0x0000
INUM:      289 PC: 0x0014 REG: 10 VALUE: 0x0412
INUM:      290 PC: 0x0016
INUM:      291 PC: 0x0018 ADDR: 0xffff VALUE: 0x0000
INUM:      292 PC: 0x0014 REG: 10 VALUE: 0x0412
INUM:      293 PC: 0x0016
INUM:      294 PC: 0x0018 ADDR: 0xffff VALUE: 0x0000
INUM:      295 PC: 0x0014 REG: 10 VALUE: 0x0412
INUM:      296 PC: 0x0016
INUM:      297 PC: 0x0018 ADDR: 0xffff VALUE: 0x0000
INUM:      298 PC: 0x0014 REG: 10 VALUE: 0x0412
INUM:      299 PC: 0x0016
INUM:      300 PC: 0x0018 ADDR: 0xffff VALUE: 0x0000
INUM:      301 PC: 0x0014 REG: 10 VALUE: 0x0412
INUM:      302 PC: 0x0016
INUM:      303 PC: 0x0018 ADDR: 0xffff VALUE: 0x0000
INUM:      304 PC: 0x0014 REG: 10 VALUE: 0x0412
INUM:      305 PC: 0x0016
INUM:      306 PC: 0x0018 ADDR: 0xffff VALUE: 0x0000
INUM:      307 PC: 0x0014 REG: 10 VALUE: 0x0412
INUM:      308 PC: 0x0016
INUM:      309 PC: 0x0018 ADDR: 0xffff VALUE: 0x0000
INUM:      310 PC: 0x0014 REG: 10 VALUE: 0x0412
INUM:      311 PC: 0x0016
INUM:      312 PC: 0x0018 ADDR: 0xffff VALUE: 0x0000
INUM:      313 PC: 0x0014 REG: 10 VALUE: 0x0412
INUM:      314 PC: 0x0016
INUM:      315 PC: 0x0018 ADDR: 0xffff VALUE: 0x0000
INUM:      316 PC: 0x0014 REG: 10 VALUE: 0x0412
INUM:      317 PC: 0x0016
INUM:      318 PC: 0x0018 ADDR: 0xffff VALUE: 0x0000
INUM:      319 PC: 0x0014 REG: 10 VALUE: 0x0412
INUM:      320 PC: 0x0016
INUM:      321 PC: 0x0018 ADDR: 0xffff VALUE: 0x0000
INUM:      322 PC: 0x0014 REG: 10 VALUE: 0x0412
INUM:      323 PC: 0x0016
INUM:      324 PC: 0x0018 ADDR: 0xffff VALUE: 0x0000
INUM:      325 PC: 0x0014 REG: 10 VALUE: 0x0412
INUM:      326 PC: 0x0016
INUM:      327 PC: 0x0018 ADDR: 0xffff VALUE: 0x0000
INUM:      328 PC: 0x0014 REG: 10 VALUE: 0x0412
INUM:      329 PC: 0x0016
INUM:      330 PC: 0x0018 ADDR: 0xffff VALUE: 0x0000
INUM:      331 PC: 0x0014 REG: 10 VALUE: 0x0412
INUM:      332 PC: 0x0016
INUM:      333 PC: 0x0018 ADDR: 0xffff VALUE: 0x0000
INUM:      334 PC: 0x0014 REG: 10 VALUE: 0x0412
INUM:      335 PC: 0x0016
INUM:      336 PC: 0x0018 ADDR: 0xffff VALUE: 0x0000
INUM:      337 PC: 0x0014 REG: 10 VALUE: 0x0412
INUM:      338 PC: 0x0016
INUM:      339 PC: 0x0018 ADDR: 0xffff VALUE: 0x0000
INUM:      340 PC: 0x0014 REG: 10 VALUE: 0x0412
INUM:      341 PC: 0x0016
INUM:      342 PC: 0x0018 ADDR: 0xffff VALUE: 0x0000
INUM:      343 PC: 0x0014 REG: 10 VALUE: 0x0412
INUM:      344 PC: 0x0016
INUM:      345 PC: 0x0018 ADDR: 0xffff VALUE: 0x0000
INUM:      346 PC: 0x0014 REG: 10 VALUE: 0x0412
INUM:      347 PC: 0x0016
INUM:      348 PC: 0x0018 ADDR: 0xffff VALUE: 0x0000
INUM:      349 PC: 0x0014 REG: 10 VALUE: 0x0412
INUM:      350 PC: 0x0016
INUM:      351 PC: 0x0018 ADDR: 0xffff VALUE: 0x0000
INUM:      352 PC: 0x0014 REG: 10 VALUE: 0x0412
INUM:      353 PC: 0x0016
INUM:      354 PC: 0x0018 ADDR: 0xffff VALUE: 0x0000
INUM:      355 PC: 0x0014 REG: 10 VALUE: 0x0412
INUM:      356 PC: 0x0016
INUM:      357 PC: 0x0018 ADDR: 0xffff VALUE: 0x0000
INUM:      358 PC: 0x0014 REG: 10 VALUE: 0x0412
INUM:      359 PC: 0x0016
INUM:      360 PC: 0x0018 ADDR: 0xffff VALUE: 0x0000
INUM:      361 PC: 0x0014 REG: 10 VALUE: 0x0412
INUM:      362 PC: 0x0016
INUM:      363 PC: 0x0018 ADDR: 0xffff VALUE: 0x0000
INUM:      364 PC: 0x0014 REG: 10 VALUE: 0x0412
INUM:      365 PC: 0x0016
INUM:      366 PC: 0x0018 ADDR: 0xffff VALUE: 0x0000
INUM:      367 PC: 0x0014 REG: 10 VALUE: 0x0412
INUM:      368 PC: 0x0016
INUM:      369 PC: 0x0018 ADDR: 0xffff VALUE: 0x0000
INUM:      370 PC: 0x0014 REG: 10 VALUE: 0x0412
INUM:      371 PC: 0x0016
INUM:      372 PC: 0x0018 ADDR: 0xffff VALUE: 0x0000
INUM:      373 PC: 0x0014 REG: 10 VALUE: 0x0412
INUM:      374 PC: 0x0016
INUM:      375 PC: 0x0018 ADDR: 0xffff VALUE: 0x0000
INUM:      376 PC: 0x0014 REG: 10 VALUE: 0x0412
INUM:      377 PC: 0x0016
INUM:      378 PC: 0x0018 ADDR: 0xffff VALUE: 0x0000
INUM:      379 PC: 0x0014 REG: 10 VALUE: 0x0412
INUM:      380 PC: 0x0016
INUM:      381 PC: 0x0018 ADDR: 0xffff VALUE: 0x0000
INUM:      382 PC: 0x0014 REG: 10 VALUE: 0x0412
INUM:      383 PC: 0x0016
INUM:      384 PC: 0x0018 ADDR: 0xffff VALUE: 0x0000
INUM:      385 PC: 0x0014 REG: 10 VALUE: 0x0412
INUM:      386 PC: 0x0016
INUM:      387 PC: 0x0018 ADDR: 0xffff VALUE: 0x0000
INUM:      388 PC: 0x0014 REG: 10 VALUE: 0x0412
INUM:      389 PC: 0x0016
INUM:      390 PC: 0x0018 ADDR: 0xffff VALUE: 0x0000
INUM:      391 PC: 0x0014 REG: 10 VALUE: 0x0412
INUM:      392 PC: 0x0016
INUM:      393 PC: 0x0018 ADDR: 0xffff VALUE: 0x0000
INUM:      394 PC: 0x0014 REG: 10 VALUE: 0x0412
INUM:      395 PC: 0x0016
INUM:      396 PC: 0x0018 ADDR: 0xffff VALUE: 0x0000
INUM:      397 PC: 0x0014 REG: 10 VALUE: 0x0412
INUM:      398 PC: 0x0016
INUM:      399 PC: 0x0018 ADDR: 0xffff VALUE: 0x0000
INUM:      400 PC: 0x0014 REG: 10 VALUE: 0x0412
INUM:      401 PC: 0x0016
INUM:      402 PC: 0x0018 ADDR: 0xffff VALUE: 0x0000
INUM:      403 PC: 0x0014 REG: 10 VALUE: 0x0412
INUM:      404 PC: 0x0016
INUM:      405 PC: 0x0018 ADDR: 0xffff VALUE: 0x0000
INUM:      406 PC: 0x0014 REG: 10 VALUE: 0x0412
INUM:      407 PC: 0x0016
INUM:      408 PC: 0x0018 ADDR: 0xffff VALUE: 0x0000
INUM:      409 PC: 0x0014 REG: 10 VALUE: 0x0412
INUM:      410 PC: 0x0016
INUM:      411 PC: 0x0018 ADDR: 0xffff VALUE: 0x0000
INUM:      412 PC: 0x0014 REG: 10 VALUE: 0x0412
INUM:      413 PC: 0x0016
INUM:      414 PC: 0x0018 ADDR: 0xffff VALUE: 0x0000
INUM:      415 PC: 0x0014 REG: 10 VALUE: 0x0412
INUM:      416 PC: 0x0016
INUM:      417 PC: 0x0018 ADDR: 0xffff VALUE: 0x0000
INUM:      418 PC: 0x0014 REG: 10 VALUE: 0x0412
INUM:      419 PC: 0x0016
INUM:      420 PC: 0x0018 ADDR: 0xffff VALUE: 0x0000
INUM:      421 PC: 0x0014 REG: 10 VALUE: 0x0412
INUM:      422 PC: 0x0016
INUM:      423 PC: 0x0018 ADDR: 0xffff VALUE: 0x0000
INUM:      424 PC: 0x0014 REG: 10 VALUE: 0x0412
INUM:      425 PC: 0x0016
INUM:      426 PC: 0x0018 ADDR: 0xffff VALUE: 0x0000
INUM:      427 PC: 0x0014 REG: 10 VALUE: 0x0412
INUM:      428 PC: 0x0016
INUM:      429 PC: 0x0018 ADDR: 0xffff VALUE: 0x0000
INUM:      430 PC: 0x0014 REG: 10 VALUE: 0x0412
INUM:      431 PC: 0x0016
INUM:      432 PC: 0x0018 ADDR: 0xffff VALUE: 0x0000
INUM:      433 PC: 0x0014 REG: 10 VALUE: 0x0412
INUM:      434 PC: 0x0016
INUM:      435 PC: 0x0018 ADDR: 0xffff VALUE: 0x0000
INUM:      436 PC: 0x0014 REG: 10 VALUE: 0x0412
INUM:      437 PC: 0x0016
INUM:      438 PC: 0x0018 ADDR: 0xffff VALUE: 0x0000
INUM:      439 PC: 0x0014 REG: 10 VALUE: 0x0412
INUM:      440 PC: 0x0016
INUM:      441 PC: 0x0018 ADDR: 0xffff VALUE: 0x0000
INUM:      442 PC: 0x0014 REG: 10 VALUE: 0x0412
INUM:      443 PC: 0x0016
INUM:      444 PC: 0x0018 ADDR: 0xffff VALUE: 0x0000
INUM:      445 PC: 0x0014 REG: 10 VALUE: 0x0412
INUM:      446 PC: 0x0016
INUM:      447 PC: 0x0018 ADDR: 0xffff VALUE: 0x0000
INUM:      448 PC: 0x0014 REG: 10 VALUE: 0x0412
INUM:      449 PC: 0x0016
INUM:      450 PC: 0x0018 ADDR: 0xffff VALUE: 0x0000
INUM:      451 PC: 0x0014 REG: 10 VALUE: 0x0412
INUM:      452 PC: 0x0016
INUM:      453 PC: 0x0018 ADDR: 0xffff VALUE: 0x0000
INUM:      454 PC: 0x0014 REG: 10 VALUE: 0x0412
INUM:      455 PC: 0x0016
INUM:      456 PC: 0x0018 ADDR: 0xffff VALUE: 0x0000
INUM:      457 PC: 0x0014 REG: 10 VALUE: 0x0412
INUM:      458 PC: 0x0016
INUM:      459 PC: 0x0018 ADDR: 0xffff VALUE: 0x0000
INUM:      460 PC: 0x0014 REG: 10 VALUE: 0x0412
INUM:      461 PC: 0x0016
INUM:      462 PC: 0x0018 ADDR: 0xffff VALUE: 0x0000
INUM:      463 PC: 0x0014 REG: 10 VALUE: 0x0412
INUM:      464 PC: 0x0016
INUM:      465 PC: 0x0018 ADDR: 0xffff VALUE: 0x0000
INUM:      466 PC: 0x0014 REG: 10 VALUE: 0x0412
INUM:      467 PC: 0x0016
INUM:      468 PC: 0x0018 ADDR: 0xffff VALUE: 0x0000
INUM:      469 PC: 0x0014 REG: 10 VALUE: 0x0412
INUM:      470 PC: 0x0016
INUM:      471 PC: 0x0018 ADDR: 0xffff VALUE: 0x0000
INUM:      472 PC: 0x0014 REG: 10 VALUE: 0x0412
INUM:      473 PC: 0x0016
INUM:      474 PC: 0x0018 ADDR: 0xffff VALUE: 0x0000
INUM:      475 PC: 0x0014 REG: 10 VALUE: 0x0412
INUM:      476 PC: 0x0016
INUM:      477 PC: 0x0018 ADDR: 0xffff VALUE: 0x0000
INUM:      478 PC: 0x0014 REG: 10 VALUE: 0x0412
INUM:      479 PC: 0x0016
INUM:      480 PC: 0x0018 ADDR: 0xffff VALUE: 0x0000
INUM:      481 PC: 0x0014 REG: 10 VALUE: 0x0412
INUM:      482 PC: 0x0016
INUM:      483 PC: 0x0018 ADDR: 0xffff VALUE: 0x0000
INUM:      484 PC: 0x0014 REG: 10 VALUE: 0x0412
INUM:      485 PC: 0x0016
INUM:      486 PC: 0x0018 ADDR: 0xffff VALUE: 0x0000
INUM:      487 PC: 0x0014 REG: 10 VALUE: 0x0412
INUM:      488 PC: 0x0016
INUM:      489 PC: 0x0018 ADDR: 0xffff VALUE: 0x0000
INUM:      490 PC: 0x0014 REG: 10 VALUE: 0x0412
INUM:      491 PC: 0x0016
INUM:      492 PC: 0x0018 ADDR: 0xffff VALUE: 0x0000
INUM:      493 PC: 0x0014 REG: 10 VALUE: 0x0412
INUM:      494 PC: 0x0016
INUM:      495 PC: 0x0018 ADDR: 0xffff VALUE: 0x0000
INUM:      496 PC: 0x0014 REG: 10 VALUE: 0x0412
INUM:      497 PC: 0x0016
INUM:      498 PC: 0x0018 ADDR: 0xffff VALUE: 0x0000
INUM:      499 PC: 0x0014 REG: 10 VALUE: 0x0412
INUM:      500 PC: 0x0016
INUM:      501 PC: 0x0018 ADDR: 0xffff VALUE: 0x0000
INUM:      502 PC: 0x0014 REG: 10 VALUE: 0x0412
INUM:      503 PC: 0x0016
INUM:      504 PC: 0x0018 ADDR: 0xffff VALUE: 0x0000
INUM:      505 PC: 0x0014 REG: 10 VALUE: 0x0412
INUM:      506 PC: 0x0016
INUM:      507 PC: 0x0018 ADDR: 0xffff VALUE: 0x0000
INUM:      508 PC: 0x0014 REG: 10 VALUE: 0x0412
INUM:      509 PC: 0x0016
INUM:      510 PC: 0x0018 ADDR: 0xffff VALUE: 0x0000
INUM:      511 PC: 0x0014 REG: 10 VALUE: 0x0412
INUM:      512 PC: 0x0016
INUM:      513 PC: 0x0018 ADDR: 0xffff VALUE: 0x0000
INUM:      514 PC: 0x0014 REG: 10 VALUE: 0x0412
INUM:      515 PC: 0x0016
INUM:      516 PC: 0x0018 ADDR: 0xffff VALUE: 0x0000
INUM:      517 PC: 0x0014 REG: 10 VALUE: 0x0412
INUM:      518 PC: 0x0016
INUM:      519 PC: 0x0018 ADDR: 0xffff VALUE: 0x0000
INUM:      520 PC: 0x0014 REG: 10 VALUE: 0x0412
INUM:      521 PC: 0x0016
INUM:      522 PC: 0x0018 ADDR: 0xffff VALUE: 0x0000
INUM:      523 PC: 0x0014 REG: 10 VALUE: 0x0412
INUM:      524 PC: 0x0016
INUM:      525 PC: 0x0018 ADDR: 0xffff VALUE: 0x0000
INUM:      526 PC: 0x0014 REG: 10 VALUE: 0x0412
INUM:      527 PC: 0x0016
INUM:      528 PC: 0x0018 ADDR: 0xffff VALUE: 0x0000
INUM:      529 PC: 0x0014 REG: 10 VALUE: 0x0412
INUM:      530 PC: 0x0016
INUM:      531 PC: 0x0018 ADDR: 0xffff VALUE: 0x0000
INUM:      532 PC: 0x0014 REG: 10 VALUE: 0x0412
INUM:      533 PC: 0x0016
INUM:      534 PC: 0x0018 ADDR: 0xffff VALUE: 0x0000
INUM:      535 PC: 0x0014 REG: 10 VALUE: 0x0412
INUM:      536 PC: 0x0016
INUM:      537 PC: 0x0018 ADDR: 0xffff VALUE: 0x0000
INUM:      538 PC: 0x0014 REG: 10 VALUE: 0x0412
INUM:      539 PC: 0x0016
INUM:      540 PC: 0x0018 ADDR: 0xffff VALUE: 0x0000
INUM:      541 PC: 0x0014 REG: 10 VALUE: 0x0412
INUM:      542 PC: 0x0016
INUM:      543 PC: 0x0018 ADDR: 0xffff VALUE: 0x0000
INUM:      544 PC: 0x0014 REG: 10 VALUE: 0x0412
INUM:      545 PC: 0x0016
INUM:      546 PC: 0x0018 ADDR: 0xffff VALUE: 0x0000
INUM:      547 PC: 0x0014 REG: 10 VALUE: 0x0412
INUM:      548 PC: 0x0016
INUM:      549 PC: 0x0018 ADDR: 0xffff VALUE: 0x0000
INUM:      550 PC: 0x0014 REG: 10 VALUE: 0x0412
INUM:      551 PC: 0x0016
INUM:      552 PC: 0x0018 ADDR: 0xffff VALUE: 0x0000
INUM:      553 PC: 0x0014 REG: 10 VALUE: 0x0412
INUM:      554 PC: 0x0016
INUM:      555 PC: 0x0018 ADDR: 0xffff VALUE: 0x0000
INUM:      556 PC: 0x0014 REG: 10 VALUE: 0x0412
INUM:      557 PC: 0x0016
INUM:      558 PC: 0x0018 ADDR: 0xffff VALUE: 0x0000
INUM:      559 PC: 0x0014 REG: 10 VALUE: 0x0412
INUM:      560 PC: 0x0016
INUM:      561 PC: 0x0018 ADDR: 0xffff VALUE: 0x0000
INUM:      562 PC: 0x0014 REG: 10 VALUE: 0x0412
INUM:      563 PC: 0x0016
INUM:      564 PC: 0x0018 ADDR: 0xffff VALUE: 0x0000
INUM:      565 PC: 0x0014 REG: 10 VALUE: 0x0412
INUM:      566 PC: 0x0016
INUM:      567 PC: 0x0018 ADDR: 0xffff VALUE: 0x0000
INUM:      568 PC: 0x0014 REG: 10 VALUE: 0x0412
INUM:      569 PC: 0x0016
INUM:      570 PC: 0x0018 ADDR: 0xffff VALUE: 0x0000
INUM:      571 PC: 0x0014 REG: 10 VALUE: 0x0412
INUM:      572 PC: 0x0016
INUM:      573 PC: 0x0018 ADDR: 0xffff VALUE: 0x0000
INUM:      574 PC: 0x0014 REG: 10 VALUE: 0x0412
INUM:      575 PC: 0x0016
INUM:      576 PC: 0x0018 ADDR: 0xffff VALUE: 0x0000
INUM:      577 PC: 0x0014 REG: 10 VALUE: 0x0412
INUM:      578 PC: 0x0016
INUM:      579 PC: 0x0018 ADDR: 0xffff VALUE: 0x0000
INUM:      580 PC: 0x0014 REG: 10 VALUE: 0x0412
INUM:      581 PC: 0x0016
INUM:      582 PC: 0x0018 ADDR: 0xffff VALUE: 0x0000
INUM:      583 PC: 0x0014 REG: 10 VALUE: 0x0412
INUM:      584 PC: 0x0016
INUM:      585 PC: 0x0018 ADDR: 0xffff VALUE: 0x0000
INUM:      586 PC: 0x0014 REG: 10 VALUE: 0x0412
INUM:      587 PC: 0x0016
INUM:      588 PC: 0x0018 ADDR: 0xffff VALUE: 0x0000
INUM:      589 PC: 0x0014 REG: 10 VALUE: 0x0412
INUM:      590 PC: 0x0016
INUM:      591 PC: 0x0018 ADDR: 0xffff VALUE: 0x0000
INUM:      592 PC: 0x0014 REG: 10 VALUE: 0x0412
INUM:      593 PC: 0x0016
INUM:      594 PC: 0x0018 ADDR: 0xffff VALUE: 0x0000
INUM:      595 PC: 0x0014 REG: 10 VALUE: 0x0412
INUM:      596 PC: 0x0016
INUM:      597 PC: 0x0018 ADDR: 0xffff VALUE: 0x0000
INUM:      598 PC: 0x0014 REG: 10 VALUE: 0x0412
INUM:      599 PC: 0x0016
INUM:      600 PC: 0x0018 ADDR: 0xffff VALUE: 0x0000
INUM:      601 PC: 0x0014 REG: 10 VALUE: 0x0412
INUM:      602 PC: 0x0016
INUM:      603 PC: 0x0018 ADDR: 0xffff VALUE: 0x0000
INUM:      604 PC: 0x0014 REG: 10 VALUE: 0x0412
INUM:      605 PC: 0x0016
INUM:      606 PC: 0x0018 ADDR: 0xffff VALUE: 0x0000
INUM:      607 PC: 0x0014 REG: 10 VALUE: 0x0412
INUM:      608 PC: 0x0016
INUM:      609 PC: 0x0018 ADDR: 0xffff VALUE: 0x0000
INUM:      610 PC: 0x0014 REG: 10 VALUE: 0x0412
INUM:      611 PC: 0x0016
INUM:      612 PC: 0x0018 ADDR: 0xffff VALUE: 0x0000
INUM:      613 PC: 0x0014 REG: 10 VALUE: 0x0412
INUM:      614 PC: 0x0016
INUM:      615 PC: 0x0018 ADDR: 0xffff VALUE: 0x0000
INUM:      616 PC: 0x0014 REG: 10 VALUE: 0x0412
INUM:      617 PC: 0x0016
INUM:      618 PC: 0x0018 ADDR: 0xffff VALUE: 0x0000
INUM:      619 PC: 0x0014 REG: 10 VALUE: 0x0412
INUM:      620 PC: 0x0016
INUM:      621 PC: 0x0018 ADDR: 0xffff VALUE: 0x0000
INUM:      622 PC: 0x0014 REG: 10 VALUE: 0x0412
INUM:      623 PC: 0x0016
INUM:      624 PC: 0x0018 ADDR: 0xffff VALUE: 0x0000
INUM:      625 PC: 0x0014 REG: 10 VALUE: 0x0412
INUM:      626 PC: 0x0016
INUM:      627 PC: 0x0018 ADDR: 0xffff VALUE: 0x0000
INUM:      628 PC: 0x0014 REG: 10 VALUE: 0x0412
INUM:      629 PC: 0x0016
INUM:      630 PC: 0x0018 ADDR: 0xffff VALUE: 0x0000
INUM:      631 PC: 0x0014 REG: 10 VALUE: 0x0412
INUM:      632 PC: 0x0016
INUM:      633 PC: 0x0018 ADDR: 0xffff VALUE: 0x0000
INUM:      634 PC: 0x0014 REG: 10 VALUE: 0x0412
INUM:      635 PC: 0x0016
INUM:      636 PC: 0x0018 ADDR: 0xffff VALUE: 0x0000
INUM:      637 PC: 0x0014 REG: 10 VALUE: 0x0412
INUM:      638 PC: 0x0016
INUM:      639 PC: 0x0018 ADDR: 0xffff VALUE: 0x0000
INUM:      640 PC: 0x0014 REG: 10 VALUE: 0x0412
INUM:      641 PC: 0x0016
INUM:      642 PC: 0x0018 ADDR: 0xffff VALUE: 0x0000
INUM:      643 PC: 0x0014 REG: 10 VALUE: 0x0412
INUM:      644 PC: 0x0016
INUM:      645 PC: 0x0018 ADDR: 0xffff VALUE: 0x0000
INUM:      646 PC: 0x0014 REG: 10 VALUE: 0x0412
INUM:      647 PC: 0x0016
INUM:      648 PC: 0x0018 ADDR: 0xffff VALUE: 0x0000
INUM:      649 PC: 0x0014 REG: 10 VALUE: 0x0412
INUM:      650 PC: 0x0016
INUM:      651 PC: 0x0018 ADDR: 0xffff VALUE: 0x0000
INUM:      652 PC: 0x0014 REG: 10 VALUE: 0x0412
INUM:      653 PC: 0x0016
INUM:      654 PC: 0x0018 ADDR: 0xffff VALUE: 0x0000
INUM:      655 PC: 0x0014 REG: 10 VALUE: 0x0412
INUM:      656 PC: 0x0016
INUM:      657 PC: 0x0018 ADDR: 0xffff VALUE: 0x0000
INUM:      658 PC: 0x0014 REG: 10 VALUE: 0x0412
INUM:      659 PC: 0x0016
INUM:      660 PC: 0x0018 ADDR: 0xffff VALUE: 0x0000
INUM:      661 PC: 0x0014 REG: 10 VALUE: 0x0412
INUM:      662 PC: 0x0016
INUM:      663 PC: 0x0018 ADDR: 0xffff VALUE: 0x0000
INUM:      664 PC: 0x0014 REG: 10 VALUE: 0x0412
INUM:      665 PC: 0x0016
INUM:      666 PC: 0x0018 ADDR: 0xffff VALUE: 0x0000
INUM:      667 PC: 0x0014 REG: 10 VALUE: 0x0412
INUM:      668 PC: 0x0016
INUM:      669 PC: 0x0018 ADDR: 0xffff VALUE: 0x0000
INUM:      670 PC: 0x0014 REG: 10 VALUE: 0x0412
INUM:      671 PC: 0x0016
INUM:      672 PC: 0x0018 ADDR: 0xffff VALUE: 0x0000
INUM:      673 PC: 0x0014 REG: 10 VALUE: 0x0412
INUM:      674 PC: 0x0016
INUM:      675 PC: 0x0018 ADDR: 0xffff VALUE: 0x0000
INUM:      676 PC: 0x0014 REG: 10 VALUE: 0x0412
INUM:      677 PC: 0x0016
INUM:      678 PC: 0x0018 ADDR: 0xffff VALUE: 0x0000
INUM:      679 PC: 0x0014 REG: 10 VALUE: 0x0412
INUM:      680 PC: 0x0016
INUM:      681 PC: 0x0018 ADDR: 0xffff VALUE: 0x0000
INUM:      682 PC: 0x0014 REG: 10 VALUE: 0x0412
INUM:      683 PC: 0x0016
INUM:      684 PC: 0x0018 ADDR: 0xffff VALUE: 0x0000
INUM:      685 PC: 0x0014 REG: 10 VALUE: 0x0412
INUM:      686 PC: 0x0016
INUM:      687 PC: 0x0018 ADDR: 0xffff VALUE: 0x0000
INUM:      688 PC: 0x0014 REG: 10 VALUE: 0x0412
INUM:      689 PC: 0x0016
INUM:      690 PC: 0x0018 ADDR: 0xffff VALUE: 0x0000
INUM:      691 PC: 0x0014 REG: 10 VALUE: 0x0412
INUM:      692 PC: 0x0016
INUM:      693 PC: 0x0018 ADDR: 0xffff VALUE: 0x0000
INUM:      694 PC: 0x0014 REG: 10 VALUE: 0x0412
INUM:      695 PC: 0x0016
INUM:      696 PC: 0x0018 ADDR: 0xffff VALUE: 0x0000
INUM:      697 PC: 0x0014 REG: 10 VALUE: 0x0412
INUM:      698 PC: 0x0016
INUM:      699 PC: 0x0018 ADDR: 0xffff VALUE: 0x0000
INUM:      700 PC: 0x0014 REG: 10 VALUE: 0x0412
INUM:      701 PC: 0x0016
INUM:      702 PC: 0x0018 ADDR: 0xffff VALUE: 0x0000
INUM:      703 PC: 0x0014 REG: 10 VALUE: 0x0412
INUM:      704 PC: 0x0016
INUM:      705 PC: 0x0018 ADDR: 0xffff VALUE: 0x0000
INUM:      706 PC: 0x0014 REG: 10 VALUE: 0x0412
INUM:      707 PC: 0x0016
INUM:      708 PC: 0x0018 ADDR: 0xffff VALUE: 0x0000
INUM:      709 PC: 0x0014 REG: 10 VALUE: 0x0412
INUM:      710 PC: 0x0016
INUM:      711 PC: 0x0018 ADDR: 0xffff VALUE: 0x0000
INUM:      712 PC: 0x0014 REG: 10 VALUE: 0x0412
INUM:      713 PC: 0x0016
INUM:      714 PC: 0x0018 ADDR: 0xffff VALUE: 0x0000
INUM:      715 PC: 0x0014 REG: 10 VALUE: 0x0412
INUM:      716 PC: 0x0016
INUM:      717 PC: 0x0018 ADDR: 0xffff VALUE: 0x0000
INUM:      718 PC: 0x0014 REG: 10 VALUE: 0x0412
INUM:      719 PC: 0x0016
INUM:      720 PC: 0x0018 ADDR: 0xffff VALUE: 0x0000
INUM:      721 PC: 0x0014 REG: 10 VALUE: 0x0412
INUM:      722 PC: 0x0016
INUM:      723 PC: 0x0018 ADDR: 0xffff VALUE: 0x0000
INUM:      724 PC: 0x0014 REG: 10 VALUE: 0x0412
INUM:      725 PC: 0x0016
INUM:      726 PC: 0x0018 ADDR: 0xffff VALUE: 0x0000
INUM:      727 PC: 0x0014 REG: 10 VALUE: 0x0412
INUM:      728 PC: 0x0016
INUM:      729 PC: 0x0018 ADDR: 0xffff VALUE: 0x0000
INUM:      730 PC: 0x0014 REG: 10 VALUE: 0x0412
INUM:      731 PC: 0x0016
INUM:      732 PC: 0x0018 ADDR: 0xffff VALUE: 0x0000
INUM:      733 PC: 0x0014 REG: 10 VALUE: 0x0412
INUM:      734 PC: 0x0016
INUM:      735 PC: 0x0018 ADDR: 0xffff VALUE: 0x0000
INUM:      736 PC: 0x0014 REG: 10 VALUE: 0x0412
INUM:      737 PC: 0x0016
INUM:      738 PC: 0x0018 ADDR: 0xffff VALUE: 0x0000
INUM:      739 PC: 0x0014 REG: 10 VALUE: 0x0412
INUM:      740 PC: 0x0016
INUM:      741 PC: 0x0018 ADDR: 0xffff VALUE: 0x0000
INUM:      742 PC: 0x0014 REG: 10 VALUE: 0x0412
INUM:      743 PC: 0x0016
INUM:      744 PC: 0x0018 ADDR: 0xffff VALUE: 0x0000
INUM:      745 PC: 0x0014 REG: 10 VALUE: 0x0412
INUM:      746 PC: 0x0016
INUM:      747 PC: 0x0018 ADDR: 0xffff VALUE: 0x0000
INUM:      748 PC: 0x0014 REG: 10 VALUE: 0x0412
INUM:      749 PC: 0x0016
INUM:      750 PC: 0x0018 ADDR: 0xffff VALUE: 0x0000
INUM:      751 PC: 0x0014 REG: 10 VALUE: 0x0412
INUM:      752 PC: 0x0016
INUM:      753 PC: 0x0018 ADDR: 0xffff VALUE: 0x0000
INUM:      754 PC: 0x0014 REG: 10 VALUE: 0x0412
INUM:      755 PC: 0x0016
INUM:      756 PC: 0x0018 ADDR: 0xffff VALUE: 0x0000
INUM:      757 PC: 0x0014 REG: 10 VALUE: 0x0412
INUM:      758 PC: 0x0016
INUM:      759 PC: 0x0018 ADDR: 0xffff VALUE: 0x0000
INUM:      760 PC: 0x0014 REG: 10 VALUE: 0x0412
INUM:      761 PC: 0x0016
INUM:      762 PC: 0x0018 ADDR: 0xffff VALUE: 0x0000
INUM:      763 PC: 0x0014 REG: 10 VALUE: 0x0412
INUM:      764 PC: 0x0016
INUM:      765 PC: 0x0018 ADDR: 0xffff VALUE: 0x0000
INUM:      766 PC: 0x0014 REG: 10 VALUE: 0x0412
INUM:      767 PC: 0x0016
INUM:      768 PC: 0x0018 ADDR: 0xffff VALUE: 0x0000
INUM:      769 PC: 0x0014 REG: 10 VALUE: 0x0412
INUM:      770 PC: 0x0016
INUM:      771 PC: 0x0018 ADDR: 0xffff VALUE: 0x0000
INUM:      772 PC: 0x0014 REG: 10 VALUE: 0x0412
INUM:      773 PC: 0x0016
INUM:      774 PC: 0x0018 ADDR: 0xffff VALUE: 0x0000
INUM:      775 PC: 0x0014 REG: 10 VALUE: 0x0412
INUM:      776 PC: 0x0016
INUM:      777 PC: 0x0018 ADDR: 0xffff VALUE: 0x0000
INUM:      778 PC: 0x0014 REG: 10 VALUE: 0x0412
INUM:      779 PC: 0x0016
INUM:      780 PC: 0x0018 ADDR: 0xffff VALUE: 0x0000
INUM:      781 PC: 0x0014 REG: 10 VALUE: 0x0412
INUM:      782 PC: 0x0016
INUM:      783 PC: 0x0018 ADDR: 0xffff VALUE: 0x0000
INUM:      784 PC: 0x0014 REG: 10 VALUE: 0x0412
INUM:      785 PC: 0x0016
INUM:      786 PC: 0x0018 ADDR: 0xffff VALUE: 0x0000
INUM:      787 PC: 0x0014 REG: 10 VALUE: 0x0412
INUM:      788 PC: 0x0016
INUM:      789 PC: 0x0018 ADDR: 0xffff VALUE: 0x0000
INUM:      790 PC: 0x0014 REG: 10 VALUE: 0x0412
INUM:      791 PC: 0x0016
INUM:      792 PC: 0x0018 ADDR: 0xffff VALUE: 0x0000
INUM:      793 PC: 0x0014 REG: 10 VALUE: 0x0412
INUM:      794 PC: 0x0016
INUM:      795 PC: 0x0018 ADDR: 0xffff VALUE: 0x0000
INUM:      796 PC: 0x0014 REG: 10 VALUE: 0x0412
INUM:      797 PC: 0x0016
INUM:      798 PC: 0x0018 ADDR: 0xffff VALUE: 0x0000
INUM:      799 PC: 0x0014 REG: 10 VALUE: 0x0412
INUM:      800 PC: 0x0016
INUM:      801 PC: 0x0018 ADDR: 0xffff VALUE: 0x0000
INUM:      802 PC: 0x0014 REG: 10 VALUE: 0x0412
INUM:      803 PC: 0x0016
INUM:      804 PC: 0x0018 ADDR: 0xffff VALUE: 0x0000
INUM:      805 PC: 0x0014 REG: 10 VALUE: 0x0412
INUM:      806 PC: 0x0016
INUM:      807 PC: 0x0018 ADDR: 0xffff VALUE: 0x0000
INUM:      808 PC: 0x0014 REG: 10 VALUE: 0x0412
INUM:      809 PC: 0x0016
INUM:      810 PC: 0x0018 ADDR: 0xffff VALUE: 0x0000
INUM:      811 PC: 0x0014 REG: 10 VALUE: 0x0412
INUM:      812 PC: 0x0016
INUM:      813 PC: 0x0018 ADDR: 0xffff VALUE: 0x0000
INUM:      814 PC: 0x0014 REG: 10 VALUE: 0x0412
INUM:      815 PC: 0x0016
INUM:      816 PC: 0x0018 ADDR: 0xffff VALUE: 0x0000
INUM:      817 PC: 0x0014 REG: 10 VALUE: 0x0412
INUM:      818 PC: 0x0016
INUM:      819 PC: 0x0018 ADDR: 0xffff VALUE: 0x0000
INUM:      820 PC: 0x0014 REG: 10 VALUE: 0x0412
INUM:      821 PC: 0x0016
INUM:      822 PC: 0x0018 ADDR: 0xffff VALUE: 0x0000
INUM:      823 PC: 0x0014 REG: 10 VALUE: 0x0412
INUM:      824 PC: 0x0016
INUM:      825 PC: 0x0018 ADDR: 0xffff VALUE: 0x0000
INUM:      826 PC: 0x0014 REG: 10 VALUE: 0x0412
INUM:      827 PC: 0x0016
INUM:      828 PC: 0x0018 ADDR: 0xffff VALUE: 0x0000
INUM:      829 PC: 0x0014 REG: 10 VALUE: 0x0412
INUM:      830 PC: 0x0016
INUM:      831 PC: 0x0018 ADDR: 0xffff VALUE: 0x0000
INUM:      832 PC: 0x0014 REG: 10 VALUE: 0x0412
INUM:      833 PC: 0x0016
INUM:      834 PC: 0x0018 ADDR: 0xffff VALUE: 0x0000
INUM:      835 PC: 0x0014 REG: 10 VALUE: 0x0412
INUM:      836 PC: 0x0016
INUM:      837 PC: 0x0018 ADDR: 0xffff VALUE: 0x0000
INUM:      838 PC: 0x0014 REG: 10 VALUE: 0x0412
INUM:      839 PC: 0x0016
INUM:      840 PC: 0x0018 ADDR: 0xffff VALUE: 0x0000
INUM:      841 PC: 0x0014 REG: 10 VALUE: 0x0412
INUM:      842 PC: 0x0016
INUM:      843 PC: 0x0018 ADDR: 0xffff VALUE: 0x0000
INUM:      844 PC: 0x0014 REG: 10 VALUE: 0x0412
INUM:      845 PC: 0x0016
INUM:      846 PC: 0x0018 ADDR: 0xffff VALUE: 0x0000
INUM:      847 PC: 0x0014 REG: 10 VALUE: 0x0412
INUM:      848 PC: 0x0016
INUM:      849 PC: 0x0018 ADDR: 0xffff VALUE: 0x0000
INUM:      850 PC: 0x0014 REG: 10 VALUE: 0x0412
INUM:      851 PC: 0x0016
INUM:      852 PC: 0x0018 ADDR: 0xffff VALUE: 0x0000
INUM:      853 PC: 0x0014 REG: 10 VALUE: 0x0412
INUM:      854 PC: 0x0016
INUM:      855 PC: 0x0018 ADDR: 0xffff VALUE: 0x0000
INUM:      856 PC: 0x0014 REG: 10 VALUE: 0x0412
INUM:      857 PC: 0x0016
INUM:      858 PC: 0x0018 ADDR: 0xffff VALUE: 0x0000
INUM:      859 PC: 0x0014 REG: 10 VALUE: 0x0412
INUM:      860 PC: 0x0016
INUM:      861 PC: 0x0018 ADDR: 0xffff VALUE: 0x0000
INUM:      862 PC: 0x0014 REG: 10 VALUE: 0x0412
INUM:      863 PC: 0x0016
INUM:      864 PC: 0x0018 ADDR: 0xffff VALUE: 0x0000
INUM:      865 PC: 0x0014 REG: 10 VALUE: 0x0412
INUM:      866 PC: 0x0016
INUM:      867 PC: 0x0018 ADDR: 0xffff VALUE: 0x0000
INUM:      868 PC: 0x0014 REG: 10 VALUE: 0x0412
INUM:      869 PC: 0x0016
INUM:      870 PC: 0x0018 ADDR: 0xffff VALUE: 0x0000
INUM:      871 PC: 0x0014 REG: 10 VALUE: 0x0412
INUM:      872 PC: 0x0016
INUM:      873 PC: 0x0018 ADDR: 0xffff VALUE: 0x0000
INUM:      874 PC: 0x0014 REG: 10 VALUE: 0x0412
INUM:      875 PC: 0x0016
INUM:      876 PC: 0x0018 ADDR: 0xffff VALUE: 0x0000
INUM:      877 PC: 0x0014 REG: 10 VALUE: 0x0412
INUM:      878 PC: 0x0016
INUM:      879 PC: 0x0018 ADDR: 0xffff VALUE: 0x0000
INUM:      880 PC: 0x0014 REG: 10 VALUE: 0x0412
INUM:      881 PC: 0x0016
INUM:      882 PC: 0x0018 ADDR: 0xffff VALUE: 0x0000
INUM:      883 PC: 0x0014 REG: 10 VALUE: 0x0412
INUM:      884 PC: 0x0016
